<?xml version="1.0" encoding="UTF-8"?>
<testsuite name="co.ceiba.parqueadero.negocio.unitaria.ParqueaderoTest" tests="1" skipped="0" failures="0" errors="0" timestamp="2017-12-06T18:48:10" hostname="CRISTIAN-VICTORIA" time="0.134">
  <properties/>
  <testcase name="obtenerCarrosTest" classname="co.ceiba.parqueadero.negocio.unitaria.ParqueaderoTest" time="0.134"/>
  <system-out><![CDATA[]]></system-out>
  <system-err><![CDATA[]]></system-err>
</testsuite>
