<?xml version="1.0" encoding="UTF-8"?>
<testsuite name="co.ceiba.parqueadero.negocio.unitaria.VigilanteTest" tests="1" skipped="0" failures="0" errors="0" timestamp="2017-12-07T17:33:00" hostname="CRISTIAN-VICTORIA" time="0.314">
  <properties/>
  <testcase name="obtenerCarrosTest" classname="co.ceiba.parqueadero.negocio.unitaria.VigilanteTest" time="0.314"/>
  <system-out><![CDATA[]]></system-out>
  <system-err><![CDATA[]]></system-err>
</testsuite>
