<?xml version="1.0" encoding="UTF-8"?>
<testsuite name="co.ceiba.parqueadero.negocio.integracion.ParqueaderoTest" tests="15" skipped="0" failures="0" errors="0" timestamp="2017-12-06T18:48:06" hostname="CRISTIAN-VICTORIA" time="4.574">
  <properties/>
  <testcase name="registrarEntradaMismaMotoVariasVecesTest" classname="co.ceiba.parqueadero.negocio.integracion.ParqueaderoTest" time="2.777"/>
  <testcase name="registrarSalidaMismaMotoVariasVecesTest" classname="co.ceiba.parqueadero.negocio.integracion.ParqueaderoTest" time="0.169"/>
  <testcase name="registrarEntradaCarroPlacaIniConAUnMiercolesTest" classname="co.ceiba.parqueadero.negocio.integracion.ParqueaderoTest" time="0.162"/>
  <testcase name="registrarEntradaMotoPlacaIniConAUnLunesODomingoTest" classname="co.ceiba.parqueadero.negocio.integracion.ParqueaderoTest" time="0.146"/>
  <testcase name="registrarEntradaMotoPlacaIniConAUnMiercolesTest" classname="co.ceiba.parqueadero.negocio.integracion.ParqueaderoTest" time="0.135"/>
  <testcase name="registrarEntradaCarroPlacaIniConAUnLunesODomingoTest" classname="co.ceiba.parqueadero.negocio.integracion.ParqueaderoTest" time="0.124"/>
  <testcase name="registrarEntradaCarroTest" classname="co.ceiba.parqueadero.negocio.integracion.ParqueaderoTest" time="0.102"/>
  <testcase name="registrarSalidaMismoCarroVariasVecesTest" classname="co.ceiba.parqueadero.negocio.integracion.ParqueaderoTest" time="0.105"/>
  <testcase name="registrarEntradaMismoCarroVariasVecesTest" classname="co.ceiba.parqueadero.negocio.integracion.ParqueaderoTest" time="0.095"/>
  <testcase name="registrarSalidaCarroTest" classname="co.ceiba.parqueadero.negocio.integracion.ParqueaderoTest" time="0.104"/>
  <testcase name="registrarEntradaMotoTest" classname="co.ceiba.parqueadero.negocio.integracion.ParqueaderoTest" time="0.101"/>
  <testcase name="capacidadMaximaParqueaderoMotosTest" classname="co.ceiba.parqueadero.negocio.integracion.ParqueaderoTest" time="0.174"/>
  <testcase name="capacidadMaximaParqueaderoCarrosTest" classname="co.ceiba.parqueadero.negocio.integracion.ParqueaderoTest" time="0.21"/>
  <testcase name="registrarSalidaMotoCilindrajeAltoTest" classname="co.ceiba.parqueadero.negocio.integracion.ParqueaderoTest" time="0.082"/>
  <testcase name="registrarSalidaMotoCilindrajeBajoTest" classname="co.ceiba.parqueadero.negocio.integracion.ParqueaderoTest" time="0.086"/>
  <system-out><![CDATA[Hibernate: drop table Carro if exists
Hibernate: drop table Moto if exists
Hibernate: drop table RegistroCarro if exists
Hibernate: drop table RegistroMoto if exists
Hibernate: drop sequence if exists hibernate_sequence
Hibernate: create sequence hibernate_sequence start with 1 increment by 1
Hibernate: create table Carro (id bigint not null, placa varchar(255) not null, primary key (id))
Hibernate: create table Moto (id bigint not null, cilindraje double not null, placa varchar(255) not null, primary key (id))
Hibernate: create table RegistroCarro (id bigint not null, fechaEntrada timestamp, fechaSalida timestamp, valor double not null, ID_CARRO bigint, primary key (id))
Hibernate: create table RegistroMoto (id bigint not null, fechaEntrada timestamp, fechaSalida timestamp, valor double not null, ID_MOTO bigint, primary key (id))
Hibernate: alter table RegistroCarro add constraint FK166r5ttf1ntgejsgd0pmgnppg foreign key (ID_CARRO) references Carro
Hibernate: alter table RegistroMoto add constraint FKneu4r7skqkfbh4g2lbu3rg5nf foreign key (ID_MOTO) references Moto
Hibernate: select motoentity0_.id as id1_1_, motoentity0_.cilindraje as cilindra2_1_, motoentity0_.placa as placa3_1_ from Moto motoentity0_ where motoentity0_.placa=?
Hibernate: call next value for hibernate_sequence
Hibernate: insert into Moto (cilindraje, placa, id) values (?, ?, ?)
Hibernate: select registromo0_.id as id1_3_, registromo0_.fechaEntrada as fechaEnt2_3_, registromo0_.fechaSalida as fechaSal3_3_, registromo0_.ID_MOTO as ID_MOTO5_3_, registromo0_.valor as valor4_3_ from RegistroMoto registromo0_ cross join Moto motoentity1_ where registromo0_.ID_MOTO=motoentity1_.id and (registromo0_.fechaEntrada is not null) and (registromo0_.fechaSalida is null) and motoentity1_.placa=?
Vigilante revisa carro
Vigilante dice todo esta bien
Hibernate: select motoentity0_.id as id1_1_, motoentity0_.cilindraje as cilindra2_1_, motoentity0_.placa as placa3_1_ from Moto motoentity0_ where motoentity0_.placa=?
Hibernate: select motoentity0_.id as id1_1_, motoentity0_.cilindraje as cilindra2_1_, motoentity0_.placa as placa3_1_ from Moto motoentity0_ where motoentity0_.placa=?
Hibernate: call next value for hibernate_sequence
Hibernate: insert into RegistroMoto (fechaEntrada, fechaSalida, ID_MOTO, valor, id) values (?, ?, ?, ?, ?)
Hibernate: select registromo0_.id as id1_3_, registromo0_.fechaEntrada as fechaEnt2_3_, registromo0_.fechaSalida as fechaSal3_3_, registromo0_.ID_MOTO as ID_MOTO5_3_, registromo0_.valor as valor4_3_ from RegistroMoto registromo0_ cross join Moto motoentity1_ where registromo0_.ID_MOTO=motoentity1_.id and (registromo0_.fechaEntrada is not null) and (registromo0_.fechaSalida is null) and motoentity1_.placa=?
Hibernate: drop table Carro if exists
Hibernate: drop table Moto if exists
Hibernate: drop table RegistroCarro if exists
Hibernate: drop table RegistroMoto if exists
Hibernate: drop sequence if exists hibernate_sequence
Hibernate: create sequence hibernate_sequence start with 1 increment by 1
Hibernate: create table Carro (id bigint not null, placa varchar(255) not null, primary key (id))
Hibernate: create table Moto (id bigint not null, cilindraje double not null, placa varchar(255) not null, primary key (id))
Hibernate: create table RegistroCarro (id bigint not null, fechaEntrada timestamp, fechaSalida timestamp, valor double not null, ID_CARRO bigint, primary key (id))
Hibernate: create table RegistroMoto (id bigint not null, fechaEntrada timestamp, fechaSalida timestamp, valor double not null, ID_MOTO bigint, primary key (id))
Hibernate: alter table RegistroCarro add constraint FK166r5ttf1ntgejsgd0pmgnppg foreign key (ID_CARRO) references Carro
Hibernate: alter table RegistroMoto add constraint FKneu4r7skqkfbh4g2lbu3rg5nf foreign key (ID_MOTO) references Moto
Hibernate: select motoentity0_.id as id1_1_, motoentity0_.cilindraje as cilindra2_1_, motoentity0_.placa as placa3_1_ from Moto motoentity0_ where motoentity0_.placa=?
Hibernate: call next value for hibernate_sequence
Hibernate: insert into Moto (cilindraje, placa, id) values (?, ?, ?)
Hibernate: select registromo0_.id as id1_3_, registromo0_.fechaEntrada as fechaEnt2_3_, registromo0_.fechaSalida as fechaSal3_3_, registromo0_.ID_MOTO as ID_MOTO5_3_, registromo0_.valor as valor4_3_ from RegistroMoto registromo0_ cross join Moto motoentity1_ where registromo0_.ID_MOTO=motoentity1_.id and (registromo0_.fechaEntrada is not null) and (registromo0_.fechaSalida is null) and motoentity1_.placa=?
Vigilante revisa carro
Vigilante dice todo esta bien
Hibernate: select motoentity0_.id as id1_1_, motoentity0_.cilindraje as cilindra2_1_, motoentity0_.placa as placa3_1_ from Moto motoentity0_ where motoentity0_.placa=?
Hibernate: select motoentity0_.id as id1_1_, motoentity0_.cilindraje as cilindra2_1_, motoentity0_.placa as placa3_1_ from Moto motoentity0_ where motoentity0_.placa=?
Hibernate: call next value for hibernate_sequence
Hibernate: insert into RegistroMoto (fechaEntrada, fechaSalida, ID_MOTO, valor, id) values (?, ?, ?, ?, ?)
Hibernate: select registromo0_.id as id1_3_, registromo0_.fechaEntrada as fechaEnt2_3_, registromo0_.fechaSalida as fechaSal3_3_, registromo0_.ID_MOTO as ID_MOTO5_3_, registromo0_.valor as valor4_3_ from RegistroMoto registromo0_ cross join Moto motoentity1_ where registromo0_.ID_MOTO=motoentity1_.id and (registromo0_.fechaEntrada is not null) and (registromo0_.fechaSalida is null) and motoentity1_.placa=?
Vigilante revisa carro
Vigilante dice todo esta bien
Hibernate: select registromo0_.id as id1_3_, registromo0_.fechaEntrada as fechaEnt2_3_, registromo0_.fechaSalida as fechaSal3_3_, registromo0_.ID_MOTO as ID_MOTO5_3_, registromo0_.valor as valor4_3_ from RegistroMoto registromo0_ cross join Moto motoentity1_ where registromo0_.ID_MOTO=motoentity1_.id and (registromo0_.fechaEntrada is not null) and (registromo0_.fechaSalida is null) and motoentity1_.placa=?
Hibernate: select registromo0_.id as id1_3_, registromo0_.fechaEntrada as fechaEnt2_3_, registromo0_.fechaSalida as fechaSal3_3_, registromo0_.ID_MOTO as ID_MOTO5_3_, registromo0_.valor as valor4_3_ from RegistroMoto registromo0_ cross join Moto motoentity1_ where registromo0_.ID_MOTO=motoentity1_.id and (registromo0_.fechaEntrada is not null) and (registromo0_.fechaSalida is null) and motoentity1_.placa=?
Hibernate: update RegistroMoto set fechaEntrada=?, fechaSalida=?, ID_MOTO=?, valor=? where id=?
Hibernate: select registromo0_.id as id1_3_, registromo0_.fechaEntrada as fechaEnt2_3_, registromo0_.fechaSalida as fechaSal3_3_, registromo0_.ID_MOTO as ID_MOTO5_3_, registromo0_.valor as valor4_3_ from RegistroMoto registromo0_ cross join Moto motoentity1_ where registromo0_.ID_MOTO=motoentity1_.id and (registromo0_.fechaEntrada is not null) and (registromo0_.fechaSalida is null) and motoentity1_.placa=?
Hibernate: drop table Carro if exists
Hibernate: drop table Moto if exists
Hibernate: drop table RegistroCarro if exists
Hibernate: drop table RegistroMoto if exists
Hibernate: drop sequence if exists hibernate_sequence
Hibernate: create sequence hibernate_sequence start with 1 increment by 1
Hibernate: create table Carro (id bigint not null, placa varchar(255) not null, primary key (id))
Hibernate: create table Moto (id bigint not null, cilindraje double not null, placa varchar(255) not null, primary key (id))
Hibernate: create table RegistroCarro (id bigint not null, fechaEntrada timestamp, fechaSalida timestamp, valor double not null, ID_CARRO bigint, primary key (id))
Hibernate: create table RegistroMoto (id bigint not null, fechaEntrada timestamp, fechaSalida timestamp, valor double not null, ID_MOTO bigint, primary key (id))
Hibernate: alter table RegistroCarro add constraint FK166r5ttf1ntgejsgd0pmgnppg foreign key (ID_CARRO) references Carro
Hibernate: alter table RegistroMoto add constraint FKneu4r7skqkfbh4g2lbu3rg5nf foreign key (ID_MOTO) references Moto
Hibernate: select carroentit0_.id as id1_0_, carroentit0_.placa as placa2_0_ from Carro carroentit0_ where carroentit0_.placa=?
Hibernate: call next value for hibernate_sequence
Hibernate: insert into Carro (placa, id) values (?, ?)
Hibernate: select registroca0_.id as id1_2_, registroca0_.ID_CARRO as ID_CARRO5_2_, registroca0_.fechaEntrada as fechaEnt2_2_, registroca0_.fechaSalida as fechaSal3_2_, registroca0_.valor as valor4_2_ from RegistroCarro registroca0_ cross join Carro carroentit1_ where registroca0_.ID_CARRO=carroentit1_.id and (registroca0_.fechaEntrada is not null) and (registroca0_.fechaSalida is null) and carroentit1_.placa=?
Vigilante revisa carro
Vigilante dice todo esta bien
Hibernate: drop table Carro if exists
Hibernate: drop table Moto if exists
Hibernate: drop table RegistroCarro if exists
Hibernate: drop table RegistroMoto if exists
Hibernate: drop sequence if exists hibernate_sequence
Hibernate: create sequence hibernate_sequence start with 1 increment by 1
Hibernate: create table Carro (id bigint not null, placa varchar(255) not null, primary key (id))
Hibernate: create table Moto (id bigint not null, cilindraje double not null, placa varchar(255) not null, primary key (id))
Hibernate: create table RegistroCarro (id bigint not null, fechaEntrada timestamp, fechaSalida timestamp, valor double not null, ID_CARRO bigint, primary key (id))
Hibernate: create table RegistroMoto (id bigint not null, fechaEntrada timestamp, fechaSalida timestamp, valor double not null, ID_MOTO bigint, primary key (id))
Hibernate: alter table RegistroCarro add constraint FK166r5ttf1ntgejsgd0pmgnppg foreign key (ID_CARRO) references Carro
Hibernate: alter table RegistroMoto add constraint FKneu4r7skqkfbh4g2lbu3rg5nf foreign key (ID_MOTO) references Moto
Hibernate: select motoentity0_.id as id1_1_, motoentity0_.cilindraje as cilindra2_1_, motoentity0_.placa as placa3_1_ from Moto motoentity0_ where motoentity0_.placa=?
Hibernate: call next value for hibernate_sequence
Hibernate: insert into Moto (cilindraje, placa, id) values (?, ?, ?)
Hibernate: select registromo0_.id as id1_3_, registromo0_.fechaEntrada as fechaEnt2_3_, registromo0_.fechaSalida as fechaSal3_3_, registromo0_.ID_MOTO as ID_MOTO5_3_, registromo0_.valor as valor4_3_ from RegistroMoto registromo0_ cross join Moto motoentity1_ where registromo0_.ID_MOTO=motoentity1_.id and (registromo0_.fechaEntrada is not null) and (registromo0_.fechaSalida is null) and motoentity1_.placa=?
Vigilante revisa carro
Vigilante dice todo esta bien
Hibernate: select motoentity0_.id as id1_1_, motoentity0_.cilindraje as cilindra2_1_, motoentity0_.placa as placa3_1_ from Moto motoentity0_ where motoentity0_.placa=?
Hibernate: select motoentity0_.id as id1_1_, motoentity0_.cilindraje as cilindra2_1_, motoentity0_.placa as placa3_1_ from Moto motoentity0_ where motoentity0_.placa=?
Hibernate: call next value for hibernate_sequence
Hibernate: insert into RegistroMoto (fechaEntrada, fechaSalida, ID_MOTO, valor, id) values (?, ?, ?, ?, ?)
Hibernate: select registromo0_.id as id1_3_, registromo0_.fechaEntrada as fechaEnt2_3_, registromo0_.fechaSalida as fechaSal3_3_, registromo0_.ID_MOTO as ID_MOTO5_3_, registromo0_.valor as valor4_3_ from RegistroMoto registromo0_ cross join Moto motoentity1_ where registromo0_.ID_MOTO=motoentity1_.id and (registromo0_.fechaEntrada is not null) and (registromo0_.fechaSalida is null) and motoentity1_.placa=?
Hibernate: drop table Carro if exists
Hibernate: drop table Moto if exists
Hibernate: drop table RegistroCarro if exists
Hibernate: drop table RegistroMoto if exists
Hibernate: drop sequence if exists hibernate_sequence
Hibernate: create sequence hibernate_sequence start with 1 increment by 1
Hibernate: create table Carro (id bigint not null, placa varchar(255) not null, primary key (id))
Hibernate: create table Moto (id bigint not null, cilindraje double not null, placa varchar(255) not null, primary key (id))
Hibernate: create table RegistroCarro (id bigint not null, fechaEntrada timestamp, fechaSalida timestamp, valor double not null, ID_CARRO bigint, primary key (id))
Hibernate: create table RegistroMoto (id bigint not null, fechaEntrada timestamp, fechaSalida timestamp, valor double not null, ID_MOTO bigint, primary key (id))
Hibernate: alter table RegistroCarro add constraint FK166r5ttf1ntgejsgd0pmgnppg foreign key (ID_CARRO) references Carro
Hibernate: alter table RegistroMoto add constraint FKneu4r7skqkfbh4g2lbu3rg5nf foreign key (ID_MOTO) references Moto
Hibernate: select motoentity0_.id as id1_1_, motoentity0_.cilindraje as cilindra2_1_, motoentity0_.placa as placa3_1_ from Moto motoentity0_ where motoentity0_.placa=?
Hibernate: call next value for hibernate_sequence
Hibernate: insert into Moto (cilindraje, placa, id) values (?, ?, ?)
Hibernate: select registromo0_.id as id1_3_, registromo0_.fechaEntrada as fechaEnt2_3_, registromo0_.fechaSalida as fechaSal3_3_, registromo0_.ID_MOTO as ID_MOTO5_3_, registromo0_.valor as valor4_3_ from RegistroMoto registromo0_ cross join Moto motoentity1_ where registromo0_.ID_MOTO=motoentity1_.id and (registromo0_.fechaEntrada is not null) and (registromo0_.fechaSalida is null) and motoentity1_.placa=?
Vigilante revisa carro
Vigilante dice todo esta bien
Hibernate: drop table Carro if exists
Hibernate: drop table Moto if exists
Hibernate: drop table RegistroCarro if exists
Hibernate: drop table RegistroMoto if exists
Hibernate: drop sequence if exists hibernate_sequence
Hibernate: create sequence hibernate_sequence start with 1 increment by 1
Hibernate: create table Carro (id bigint not null, placa varchar(255) not null, primary key (id))
Hibernate: create table Moto (id bigint not null, cilindraje double not null, placa varchar(255) not null, primary key (id))
Hibernate: create table RegistroCarro (id bigint not null, fechaEntrada timestamp, fechaSalida timestamp, valor double not null, ID_CARRO bigint, primary key (id))
Hibernate: create table RegistroMoto (id bigint not null, fechaEntrada timestamp, fechaSalida timestamp, valor double not null, ID_MOTO bigint, primary key (id))
Hibernate: alter table RegistroCarro add constraint FK166r5ttf1ntgejsgd0pmgnppg foreign key (ID_CARRO) references Carro
Hibernate: alter table RegistroMoto add constraint FKneu4r7skqkfbh4g2lbu3rg5nf foreign key (ID_MOTO) references Moto
Hibernate: select carroentit0_.id as id1_0_, carroentit0_.placa as placa2_0_ from Carro carroentit0_ where carroentit0_.placa=?
Hibernate: call next value for hibernate_sequence
Hibernate: insert into Carro (placa, id) values (?, ?)
Hibernate: select registroca0_.id as id1_2_, registroca0_.ID_CARRO as ID_CARRO5_2_, registroca0_.fechaEntrada as fechaEnt2_2_, registroca0_.fechaSalida as fechaSal3_2_, registroca0_.valor as valor4_2_ from RegistroCarro registroca0_ cross join Carro carroentit1_ where registroca0_.ID_CARRO=carroentit1_.id and (registroca0_.fechaEntrada is not null) and (registroca0_.fechaSalida is null) and carroentit1_.placa=?
Vigilante revisa carro
Vigilante dice todo esta bien
Hibernate: select carroentit0_.id as id1_0_, carroentit0_.placa as placa2_0_ from Carro carroentit0_ where carroentit0_.placa=?
Hibernate: select carroentit0_.id as id1_0_, carroentit0_.placa as placa2_0_ from Carro carroentit0_ where carroentit0_.placa=?
Hibernate: call next value for hibernate_sequence
Hibernate: insert into RegistroCarro (ID_CARRO, fechaEntrada, fechaSalida, valor, id) values (?, ?, ?, ?, ?)
Hibernate: select registroca0_.id as id1_2_, registroca0_.ID_CARRO as ID_CARRO5_2_, registroca0_.fechaEntrada as fechaEnt2_2_, registroca0_.fechaSalida as fechaSal3_2_, registroca0_.valor as valor4_2_ from RegistroCarro registroca0_ cross join Carro carroentit1_ where registroca0_.ID_CARRO=carroentit1_.id and (registroca0_.fechaEntrada is not null) and (registroca0_.fechaSalida is null) and carroentit1_.placa=?
Hibernate: drop table Carro if exists
Hibernate: drop table Moto if exists
Hibernate: drop table RegistroCarro if exists
Hibernate: drop table RegistroMoto if exists
Hibernate: drop sequence if exists hibernate_sequence
Hibernate: create sequence hibernate_sequence start with 1 increment by 1
Hibernate: create table Carro (id bigint not null, placa varchar(255) not null, primary key (id))
Hibernate: create table Moto (id bigint not null, cilindraje double not null, placa varchar(255) not null, primary key (id))
Hibernate: create table RegistroCarro (id bigint not null, fechaEntrada timestamp, fechaSalida timestamp, valor double not null, ID_CARRO bigint, primary key (id))
Hibernate: create table RegistroMoto (id bigint not null, fechaEntrada timestamp, fechaSalida timestamp, valor double not null, ID_MOTO bigint, primary key (id))
Hibernate: alter table RegistroCarro add constraint FK166r5ttf1ntgejsgd0pmgnppg foreign key (ID_CARRO) references Carro
Hibernate: alter table RegistroMoto add constraint FKneu4r7skqkfbh4g2lbu3rg5nf foreign key (ID_MOTO) references Moto
Hibernate: select carroentit0_.id as id1_0_, carroentit0_.placa as placa2_0_ from Carro carroentit0_ where carroentit0_.placa=?
Hibernate: call next value for hibernate_sequence
Hibernate: insert into Carro (placa, id) values (?, ?)
Hibernate: select registroca0_.id as id1_2_, registroca0_.ID_CARRO as ID_CARRO5_2_, registroca0_.fechaEntrada as fechaEnt2_2_, registroca0_.fechaSalida as fechaSal3_2_, registroca0_.valor as valor4_2_ from RegistroCarro registroca0_ cross join Carro carroentit1_ where registroca0_.ID_CARRO=carroentit1_.id and (registroca0_.fechaEntrada is not null) and (registroca0_.fechaSalida is null) and carroentit1_.placa=?
Vigilante revisa carro
Vigilante dice todo esta bien
Hibernate: select carroentit0_.id as id1_0_, carroentit0_.placa as placa2_0_ from Carro carroentit0_ where carroentit0_.placa=?
Hibernate: select carroentit0_.id as id1_0_, carroentit0_.placa as placa2_0_ from Carro carroentit0_ where carroentit0_.placa=?
Hibernate: call next value for hibernate_sequence
Hibernate: insert into RegistroCarro (ID_CARRO, fechaEntrada, fechaSalida, valor, id) values (?, ?, ?, ?, ?)
Hibernate: select registroca0_.id as id1_2_, registroca0_.ID_CARRO as ID_CARRO5_2_, registroca0_.fechaEntrada as fechaEnt2_2_, registroca0_.fechaSalida as fechaSal3_2_, registroca0_.valor as valor4_2_ from RegistroCarro registroca0_ cross join Carro carroentit1_ where registroca0_.ID_CARRO=carroentit1_.id and (registroca0_.fechaEntrada is not null) and (registroca0_.fechaSalida is null) and carroentit1_.placa=?
Hibernate: drop table Carro if exists
Hibernate: drop table Moto if exists
Hibernate: drop table RegistroCarro if exists
Hibernate: drop table RegistroMoto if exists
Hibernate: drop sequence if exists hibernate_sequence
Hibernate: create sequence hibernate_sequence start with 1 increment by 1
Hibernate: create table Carro (id bigint not null, placa varchar(255) not null, primary key (id))
Hibernate: create table Moto (id bigint not null, cilindraje double not null, placa varchar(255) not null, primary key (id))
Hibernate: create table RegistroCarro (id bigint not null, fechaEntrada timestamp, fechaSalida timestamp, valor double not null, ID_CARRO bigint, primary key (id))
Hibernate: create table RegistroMoto (id bigint not null, fechaEntrada timestamp, fechaSalida timestamp, valor double not null, ID_MOTO bigint, primary key (id))
Hibernate: alter table RegistroCarro add constraint FK166r5ttf1ntgejsgd0pmgnppg foreign key (ID_CARRO) references Carro
Hibernate: alter table RegistroMoto add constraint FKneu4r7skqkfbh4g2lbu3rg5nf foreign key (ID_MOTO) references Moto
Hibernate: select carroentit0_.id as id1_0_, carroentit0_.placa as placa2_0_ from Carro carroentit0_ where carroentit0_.placa=?
Hibernate: call next value for hibernate_sequence
Hibernate: insert into Carro (placa, id) values (?, ?)
Hibernate: select registroca0_.id as id1_2_, registroca0_.ID_CARRO as ID_CARRO5_2_, registroca0_.fechaEntrada as fechaEnt2_2_, registroca0_.fechaSalida as fechaSal3_2_, registroca0_.valor as valor4_2_ from RegistroCarro registroca0_ cross join Carro carroentit1_ where registroca0_.ID_CARRO=carroentit1_.id and (registroca0_.fechaEntrada is not null) and (registroca0_.fechaSalida is null) and carroentit1_.placa=?
Vigilante revisa carro
Vigilante dice todo esta bien
Hibernate: select carroentit0_.id as id1_0_, carroentit0_.placa as placa2_0_ from Carro carroentit0_ where carroentit0_.placa=?
Hibernate: select carroentit0_.id as id1_0_, carroentit0_.placa as placa2_0_ from Carro carroentit0_ where carroentit0_.placa=?
Hibernate: call next value for hibernate_sequence
Hibernate: insert into RegistroCarro (ID_CARRO, fechaEntrada, fechaSalida, valor, id) values (?, ?, ?, ?, ?)
Hibernate: select registroca0_.id as id1_2_, registroca0_.ID_CARRO as ID_CARRO5_2_, registroca0_.fechaEntrada as fechaEnt2_2_, registroca0_.fechaSalida as fechaSal3_2_, registroca0_.valor as valor4_2_ from RegistroCarro registroca0_ cross join Carro carroentit1_ where registroca0_.ID_CARRO=carroentit1_.id and (registroca0_.fechaEntrada is not null) and (registroca0_.fechaSalida is null) and carroentit1_.placa=?
Vigilante revisa carro
Vigilante dice todo esta bien
Hibernate: select registroca0_.id as id1_2_, registroca0_.ID_CARRO as ID_CARRO5_2_, registroca0_.fechaEntrada as fechaEnt2_2_, registroca0_.fechaSalida as fechaSal3_2_, registroca0_.valor as valor4_2_ from RegistroCarro registroca0_ cross join Carro carroentit1_ where registroca0_.ID_CARRO=carroentit1_.id and (registroca0_.fechaEntrada is not null) and (registroca0_.fechaSalida is null) and carroentit1_.placa=?
Hibernate: select registroca0_.id as id1_2_, registroca0_.ID_CARRO as ID_CARRO5_2_, registroca0_.fechaEntrada as fechaEnt2_2_, registroca0_.fechaSalida as fechaSal3_2_, registroca0_.valor as valor4_2_ from RegistroCarro registroca0_ cross join Carro carroentit1_ where registroca0_.ID_CARRO=carroentit1_.id and (registroca0_.fechaEntrada is not null) and (registroca0_.fechaSalida is null) and carroentit1_.placa=?
Hibernate: update RegistroCarro set ID_CARRO=?, fechaEntrada=?, fechaSalida=?, valor=? where id=?
Hibernate: select registroca0_.id as id1_2_, registroca0_.ID_CARRO as ID_CARRO5_2_, registroca0_.fechaEntrada as fechaEnt2_2_, registroca0_.fechaSalida as fechaSal3_2_, registroca0_.valor as valor4_2_ from RegistroCarro registroca0_ cross join Carro carroentit1_ where registroca0_.ID_CARRO=carroentit1_.id and (registroca0_.fechaEntrada is not null) and (registroca0_.fechaSalida is null) and carroentit1_.placa=?
Hibernate: drop table Carro if exists
Hibernate: drop table Moto if exists
Hibernate: drop table RegistroCarro if exists
Hibernate: drop table RegistroMoto if exists
Hibernate: drop sequence if exists hibernate_sequence
Hibernate: create sequence hibernate_sequence start with 1 increment by 1
Hibernate: create table Carro (id bigint not null, placa varchar(255) not null, primary key (id))
Hibernate: create table Moto (id bigint not null, cilindraje double not null, placa varchar(255) not null, primary key (id))
Hibernate: create table RegistroCarro (id bigint not null, fechaEntrada timestamp, fechaSalida timestamp, valor double not null, ID_CARRO bigint, primary key (id))
Hibernate: create table RegistroMoto (id bigint not null, fechaEntrada timestamp, fechaSalida timestamp, valor double not null, ID_MOTO bigint, primary key (id))
Hibernate: alter table RegistroCarro add constraint FK166r5ttf1ntgejsgd0pmgnppg foreign key (ID_CARRO) references Carro
Hibernate: alter table RegistroMoto add constraint FKneu4r7skqkfbh4g2lbu3rg5nf foreign key (ID_MOTO) references Moto
Hibernate: select carroentit0_.id as id1_0_, carroentit0_.placa as placa2_0_ from Carro carroentit0_ where carroentit0_.placa=?
Hibernate: call next value for hibernate_sequence
Hibernate: insert into Carro (placa, id) values (?, ?)
Hibernate: select registroca0_.id as id1_2_, registroca0_.ID_CARRO as ID_CARRO5_2_, registroca0_.fechaEntrada as fechaEnt2_2_, registroca0_.fechaSalida as fechaSal3_2_, registroca0_.valor as valor4_2_ from RegistroCarro registroca0_ cross join Carro carroentit1_ where registroca0_.ID_CARRO=carroentit1_.id and (registroca0_.fechaEntrada is not null) and (registroca0_.fechaSalida is null) and carroentit1_.placa=?
Vigilante revisa carro
Vigilante dice todo esta bien
Hibernate: select carroentit0_.id as id1_0_, carroentit0_.placa as placa2_0_ from Carro carroentit0_ where carroentit0_.placa=?
Hibernate: select carroentit0_.id as id1_0_, carroentit0_.placa as placa2_0_ from Carro carroentit0_ where carroentit0_.placa=?
Hibernate: call next value for hibernate_sequence
Hibernate: insert into RegistroCarro (ID_CARRO, fechaEntrada, fechaSalida, valor, id) values (?, ?, ?, ?, ?)
Hibernate: select registroca0_.id as id1_2_, registroca0_.ID_CARRO as ID_CARRO5_2_, registroca0_.fechaEntrada as fechaEnt2_2_, registroca0_.fechaSalida as fechaSal3_2_, registroca0_.valor as valor4_2_ from RegistroCarro registroca0_ cross join Carro carroentit1_ where registroca0_.ID_CARRO=carroentit1_.id and (registroca0_.fechaEntrada is not null) and (registroca0_.fechaSalida is null) and carroentit1_.placa=?
Hibernate: drop table Carro if exists
Hibernate: drop table Moto if exists
Hibernate: drop table RegistroCarro if exists
Hibernate: drop table RegistroMoto if exists
Hibernate: drop sequence if exists hibernate_sequence
Hibernate: create sequence hibernate_sequence start with 1 increment by 1
Hibernate: create table Carro (id bigint not null, placa varchar(255) not null, primary key (id))
Hibernate: create table Moto (id bigint not null, cilindraje double not null, placa varchar(255) not null, primary key (id))
Hibernate: create table RegistroCarro (id bigint not null, fechaEntrada timestamp, fechaSalida timestamp, valor double not null, ID_CARRO bigint, primary key (id))
Hibernate: create table RegistroMoto (id bigint not null, fechaEntrada timestamp, fechaSalida timestamp, valor double not null, ID_MOTO bigint, primary key (id))
Hibernate: alter table RegistroCarro add constraint FK166r5ttf1ntgejsgd0pmgnppg foreign key (ID_CARRO) references Carro
Hibernate: alter table RegistroMoto add constraint FKneu4r7skqkfbh4g2lbu3rg5nf foreign key (ID_MOTO) references Moto
Hibernate: select carroentit0_.id as id1_0_, carroentit0_.placa as placa2_0_ from Carro carroentit0_ where carroentit0_.placa=?
Hibernate: call next value for hibernate_sequence
Hibernate: insert into Carro (placa, id) values (?, ?)
Hibernate: select registroca0_.id as id1_2_, registroca0_.ID_CARRO as ID_CARRO5_2_, registroca0_.fechaEntrada as fechaEnt2_2_, registroca0_.fechaSalida as fechaSal3_2_, registroca0_.valor as valor4_2_ from RegistroCarro registroca0_ cross join Carro carroentit1_ where registroca0_.ID_CARRO=carroentit1_.id and (registroca0_.fechaEntrada is not null) and (registroca0_.fechaSalida is null) and carroentit1_.placa=?
Vigilante revisa carro
Vigilante dice todo esta bien
Hibernate: select carroentit0_.id as id1_0_, carroentit0_.placa as placa2_0_ from Carro carroentit0_ where carroentit0_.placa=?
Hibernate: select carroentit0_.id as id1_0_, carroentit0_.placa as placa2_0_ from Carro carroentit0_ where carroentit0_.placa=?
Hibernate: call next value for hibernate_sequence
Hibernate: insert into RegistroCarro (ID_CARRO, fechaEntrada, fechaSalida, valor, id) values (?, ?, ?, ?, ?)
Hibernate: select registroca0_.id as id1_2_, registroca0_.ID_CARRO as ID_CARRO5_2_, registroca0_.fechaEntrada as fechaEnt2_2_, registroca0_.fechaSalida as fechaSal3_2_, registroca0_.valor as valor4_2_ from RegistroCarro registroca0_ cross join Carro carroentit1_ where registroca0_.ID_CARRO=carroentit1_.id and (registroca0_.fechaEntrada is not null) and (registroca0_.fechaSalida is null) and carroentit1_.placa=?
Vigilante revisa carro
Vigilante dice todo esta bien
Hibernate: select registroca0_.id as id1_2_, registroca0_.ID_CARRO as ID_CARRO5_2_, registroca0_.fechaEntrada as fechaEnt2_2_, registroca0_.fechaSalida as fechaSal3_2_, registroca0_.valor as valor4_2_ from RegistroCarro registroca0_ cross join Carro carroentit1_ where registroca0_.ID_CARRO=carroentit1_.id and (registroca0_.fechaEntrada is not null) and (registroca0_.fechaSalida is null) and carroentit1_.placa=?
Hibernate: select registroca0_.id as id1_2_, registroca0_.ID_CARRO as ID_CARRO5_2_, registroca0_.fechaEntrada as fechaEnt2_2_, registroca0_.fechaSalida as fechaSal3_2_, registroca0_.valor as valor4_2_ from RegistroCarro registroca0_ cross join Carro carroentit1_ where registroca0_.ID_CARRO=carroentit1_.id and (registroca0_.fechaEntrada is not null) and (registroca0_.fechaSalida is null) and carroentit1_.placa=?
Hibernate: update RegistroCarro set ID_CARRO=?, fechaEntrada=?, fechaSalida=?, valor=? where id=?
Hibernate: select registroca0_.id as id1_2_, registroca0_.ID_CARRO as ID_CARRO5_2_, registroca0_.fechaEntrada as fechaEnt2_2_, registroca0_.fechaSalida as fechaSal3_2_, registroca0_.valor as valor4_2_ from RegistroCarro registroca0_ cross join Carro carroentit1_ where registroca0_.ID_CARRO=carroentit1_.id and (registroca0_.fechaEntrada is not null) and (registroca0_.fechaSalida is null) and carroentit1_.placa=?
Hibernate: drop table Carro if exists
Hibernate: drop table Moto if exists
Hibernate: drop table RegistroCarro if exists
Hibernate: drop table RegistroMoto if exists
Hibernate: drop sequence if exists hibernate_sequence
Hibernate: create sequence hibernate_sequence start with 1 increment by 1
Hibernate: create table Carro (id bigint not null, placa varchar(255) not null, primary key (id))
Hibernate: create table Moto (id bigint not null, cilindraje double not null, placa varchar(255) not null, primary key (id))
Hibernate: create table RegistroCarro (id bigint not null, fechaEntrada timestamp, fechaSalida timestamp, valor double not null, ID_CARRO bigint, primary key (id))
Hibernate: create table RegistroMoto (id bigint not null, fechaEntrada timestamp, fechaSalida timestamp, valor double not null, ID_MOTO bigint, primary key (id))
Hibernate: alter table RegistroCarro add constraint FK166r5ttf1ntgejsgd0pmgnppg foreign key (ID_CARRO) references Carro
Hibernate: alter table RegistroMoto add constraint FKneu4r7skqkfbh4g2lbu3rg5nf foreign key (ID_MOTO) references Moto
Hibernate: select motoentity0_.id as id1_1_, motoentity0_.cilindraje as cilindra2_1_, motoentity0_.placa as placa3_1_ from Moto motoentity0_ where motoentity0_.placa=?
Hibernate: call next value for hibernate_sequence
Hibernate: insert into Moto (cilindraje, placa, id) values (?, ?, ?)
Hibernate: select registromo0_.id as id1_3_, registromo0_.fechaEntrada as fechaEnt2_3_, registromo0_.fechaSalida as fechaSal3_3_, registromo0_.ID_MOTO as ID_MOTO5_3_, registromo0_.valor as valor4_3_ from RegistroMoto registromo0_ cross join Moto motoentity1_ where registromo0_.ID_MOTO=motoentity1_.id and (registromo0_.fechaEntrada is not null) and (registromo0_.fechaSalida is null) and motoentity1_.placa=?
Vigilante revisa carro
Vigilante dice todo esta bien
Hibernate: select motoentity0_.id as id1_1_, motoentity0_.cilindraje as cilindra2_1_, motoentity0_.placa as placa3_1_ from Moto motoentity0_ where motoentity0_.placa=?
Hibernate: select motoentity0_.id as id1_1_, motoentity0_.cilindraje as cilindra2_1_, motoentity0_.placa as placa3_1_ from Moto motoentity0_ where motoentity0_.placa=?
Hibernate: call next value for hibernate_sequence
Hibernate: insert into RegistroMoto (fechaEntrada, fechaSalida, ID_MOTO, valor, id) values (?, ?, ?, ?, ?)
Hibernate: select registromo0_.id as id1_3_, registromo0_.fechaEntrada as fechaEnt2_3_, registromo0_.fechaSalida as fechaSal3_3_, registromo0_.ID_MOTO as ID_MOTO5_3_, registromo0_.valor as valor4_3_ from RegistroMoto registromo0_ cross join Moto motoentity1_ where registromo0_.ID_MOTO=motoentity1_.id and (registromo0_.fechaEntrada is not null) and (registromo0_.fechaSalida is null) and motoentity1_.placa=?
Hibernate: drop table Carro if exists
Hibernate: drop table Moto if exists
Hibernate: drop table RegistroCarro if exists
Hibernate: drop table RegistroMoto if exists
Hibernate: drop sequence if exists hibernate_sequence
Hibernate: create sequence hibernate_sequence start with 1 increment by 1
Hibernate: create table Carro (id bigint not null, placa varchar(255) not null, primary key (id))
Hibernate: create table Moto (id bigint not null, cilindraje double not null, placa varchar(255) not null, primary key (id))
Hibernate: create table RegistroCarro (id bigint not null, fechaEntrada timestamp, fechaSalida timestamp, valor double not null, ID_CARRO bigint, primary key (id))
Hibernate: create table RegistroMoto (id bigint not null, fechaEntrada timestamp, fechaSalida timestamp, valor double not null, ID_MOTO bigint, primary key (id))
Hibernate: alter table RegistroCarro add constraint FK166r5ttf1ntgejsgd0pmgnppg foreign key (ID_CARRO) references Carro
Hibernate: alter table RegistroMoto add constraint FKneu4r7skqkfbh4g2lbu3rg5nf foreign key (ID_MOTO) references Moto
Hibernate: select motoentity0_.id as id1_1_, motoentity0_.cilindraje as cilindra2_1_, motoentity0_.placa as placa3_1_ from Moto motoentity0_ where motoentity0_.placa=?
Hibernate: call next value for hibernate_sequence
Hibernate: insert into Moto (cilindraje, placa, id) values (?, ?, ?)
Hibernate: select registromo0_.id as id1_3_, registromo0_.fechaEntrada as fechaEnt2_3_, registromo0_.fechaSalida as fechaSal3_3_, registromo0_.ID_MOTO as ID_MOTO5_3_, registromo0_.valor as valor4_3_ from RegistroMoto registromo0_ cross join Moto motoentity1_ where registromo0_.ID_MOTO=motoentity1_.id and (registromo0_.fechaEntrada is not null) and (registromo0_.fechaSalida is null) and motoentity1_.placa=?
Vigilante revisa carro
Vigilante dice todo esta bien
Hibernate: select motoentity0_.id as id1_1_, motoentity0_.cilindraje as cilindra2_1_, motoentity0_.placa as placa3_1_ from Moto motoentity0_ where motoentity0_.placa=?
Hibernate: select motoentity0_.id as id1_1_, motoentity0_.cilindraje as cilindra2_1_, motoentity0_.placa as placa3_1_ from Moto motoentity0_ where motoentity0_.placa=?
Hibernate: call next value for hibernate_sequence
Hibernate: select motoentity0_.id as id1_1_, motoentity0_.cilindraje as cilindra2_1_, motoentity0_.placa as placa3_1_ from Moto motoentity0_ where motoentity0_.placa=?
Hibernate: call next value for hibernate_sequence
Hibernate: insert into RegistroMoto (fechaEntrada, fechaSalida, ID_MOTO, valor, id) values (?, ?, ?, ?, ?)
Hibernate: insert into Moto (cilindraje, placa, id) values (?, ?, ?)
Hibernate: select registromo0_.id as id1_3_, registromo0_.fechaEntrada as fechaEnt2_3_, registromo0_.fechaSalida as fechaSal3_3_, registromo0_.ID_MOTO as ID_MOTO5_3_, registromo0_.valor as valor4_3_ from RegistroMoto registromo0_ cross join Moto motoentity1_ where registromo0_.ID_MOTO=motoentity1_.id and (registromo0_.fechaEntrada is not null) and (registromo0_.fechaSalida is null) and motoentity1_.placa=?
Vigilante revisa carro
Vigilante dice todo esta bien
Hibernate: select motoentity0_.id as id1_1_, motoentity0_.cilindraje as cilindra2_1_, motoentity0_.placa as placa3_1_ from Moto motoentity0_ where motoentity0_.placa=?
Hibernate: select motoentity0_.id as id1_1_, motoentity0_.cilindraje as cilindra2_1_, motoentity0_.placa as placa3_1_ from Moto motoentity0_ where motoentity0_.placa=?
Hibernate: call next value for hibernate_sequence
Hibernate: select motoentity0_.id as id1_1_, motoentity0_.cilindraje as cilindra2_1_, motoentity0_.placa as placa3_1_ from Moto motoentity0_ where motoentity0_.placa=?
Hibernate: call next value for hibernate_sequence
Hibernate: insert into RegistroMoto (fechaEntrada, fechaSalida, ID_MOTO, valor, id) values (?, ?, ?, ?, ?)
Hibernate: insert into Moto (cilindraje, placa, id) values (?, ?, ?)
Hibernate: select registromo0_.id as id1_3_, registromo0_.fechaEntrada as fechaEnt2_3_, registromo0_.fechaSalida as fechaSal3_3_, registromo0_.ID_MOTO as ID_MOTO5_3_, registromo0_.valor as valor4_3_ from RegistroMoto registromo0_ cross join Moto motoentity1_ where registromo0_.ID_MOTO=motoentity1_.id and (registromo0_.fechaEntrada is not null) and (registromo0_.fechaSalida is null) and motoentity1_.placa=?
Vigilante revisa carro
Vigilante dice todo esta bien
Hibernate: select motoentity0_.id as id1_1_, motoentity0_.cilindraje as cilindra2_1_, motoentity0_.placa as placa3_1_ from Moto motoentity0_ where motoentity0_.placa=?
Hibernate: select motoentity0_.id as id1_1_, motoentity0_.cilindraje as cilindra2_1_, motoentity0_.placa as placa3_1_ from Moto motoentity0_ where motoentity0_.placa=?
Hibernate: call next value for hibernate_sequence
Hibernate: select motoentity0_.id as id1_1_, motoentity0_.cilindraje as cilindra2_1_, motoentity0_.placa as placa3_1_ from Moto motoentity0_ where motoentity0_.placa=?
Hibernate: call next value for hibernate_sequence
Hibernate: insert into RegistroMoto (fechaEntrada, fechaSalida, ID_MOTO, valor, id) values (?, ?, ?, ?, ?)
Hibernate: insert into Moto (cilindraje, placa, id) values (?, ?, ?)
Hibernate: select registromo0_.id as id1_3_, registromo0_.fechaEntrada as fechaEnt2_3_, registromo0_.fechaSalida as fechaSal3_3_, registromo0_.ID_MOTO as ID_MOTO5_3_, registromo0_.valor as valor4_3_ from RegistroMoto registromo0_ cross join Moto motoentity1_ where registromo0_.ID_MOTO=motoentity1_.id and (registromo0_.fechaEntrada is not null) and (registromo0_.fechaSalida is null) and motoentity1_.placa=?
Vigilante revisa carro
Vigilante dice todo esta bien
Hibernate: select motoentity0_.id as id1_1_, motoentity0_.cilindraje as cilindra2_1_, motoentity0_.placa as placa3_1_ from Moto motoentity0_ where motoentity0_.placa=?
Hibernate: select motoentity0_.id as id1_1_, motoentity0_.cilindraje as cilindra2_1_, motoentity0_.placa as placa3_1_ from Moto motoentity0_ where motoentity0_.placa=?
Hibernate: call next value for hibernate_sequence
Hibernate: select motoentity0_.id as id1_1_, motoentity0_.cilindraje as cilindra2_1_, motoentity0_.placa as placa3_1_ from Moto motoentity0_ where motoentity0_.placa=?
Hibernate: call next value for hibernate_sequence
Hibernate: insert into RegistroMoto (fechaEntrada, fechaSalida, ID_MOTO, valor, id) values (?, ?, ?, ?, ?)
Hibernate: insert into Moto (cilindraje, placa, id) values (?, ?, ?)
Hibernate: select registromo0_.id as id1_3_, registromo0_.fechaEntrada as fechaEnt2_3_, registromo0_.fechaSalida as fechaSal3_3_, registromo0_.ID_MOTO as ID_MOTO5_3_, registromo0_.valor as valor4_3_ from RegistroMoto registromo0_ cross join Moto motoentity1_ where registromo0_.ID_MOTO=motoentity1_.id and (registromo0_.fechaEntrada is not null) and (registromo0_.fechaSalida is null) and motoentity1_.placa=?
Vigilante revisa carro
Vigilante dice todo esta bien
Hibernate: select motoentity0_.id as id1_1_, motoentity0_.cilindraje as cilindra2_1_, motoentity0_.placa as placa3_1_ from Moto motoentity0_ where motoentity0_.placa=?
Hibernate: select motoentity0_.id as id1_1_, motoentity0_.cilindraje as cilindra2_1_, motoentity0_.placa as placa3_1_ from Moto motoentity0_ where motoentity0_.placa=?
Hibernate: call next value for hibernate_sequence
Hibernate: select motoentity0_.id as id1_1_, motoentity0_.cilindraje as cilindra2_1_, motoentity0_.placa as placa3_1_ from Moto motoentity0_ where motoentity0_.placa=?
Hibernate: call next value for hibernate_sequence
Hibernate: insert into RegistroMoto (fechaEntrada, fechaSalida, ID_MOTO, valor, id) values (?, ?, ?, ?, ?)
Hibernate: insert into Moto (cilindraje, placa, id) values (?, ?, ?)
Hibernate: select registromo0_.id as id1_3_, registromo0_.fechaEntrada as fechaEnt2_3_, registromo0_.fechaSalida as fechaSal3_3_, registromo0_.ID_MOTO as ID_MOTO5_3_, registromo0_.valor as valor4_3_ from RegistroMoto registromo0_ cross join Moto motoentity1_ where registromo0_.ID_MOTO=motoentity1_.id and (registromo0_.fechaEntrada is not null) and (registromo0_.fechaSalida is null) and motoentity1_.placa=?
Vigilante revisa carro
Vigilante dice todo esta bien
Hibernate: select motoentity0_.id as id1_1_, motoentity0_.cilindraje as cilindra2_1_, motoentity0_.placa as placa3_1_ from Moto motoentity0_ where motoentity0_.placa=?
Hibernate: select motoentity0_.id as id1_1_, motoentity0_.cilindraje as cilindra2_1_, motoentity0_.placa as placa3_1_ from Moto motoentity0_ where motoentity0_.placa=?
Hibernate: call next value for hibernate_sequence
Hibernate: select motoentity0_.id as id1_1_, motoentity0_.cilindraje as cilindra2_1_, motoentity0_.placa as placa3_1_ from Moto motoentity0_ where motoentity0_.placa=?
Hibernate: call next value for hibernate_sequence
Hibernate: insert into RegistroMoto (fechaEntrada, fechaSalida, ID_MOTO, valor, id) values (?, ?, ?, ?, ?)
Hibernate: insert into Moto (cilindraje, placa, id) values (?, ?, ?)
Hibernate: select registromo0_.id as id1_3_, registromo0_.fechaEntrada as fechaEnt2_3_, registromo0_.fechaSalida as fechaSal3_3_, registromo0_.ID_MOTO as ID_MOTO5_3_, registromo0_.valor as valor4_3_ from RegistroMoto registromo0_ cross join Moto motoentity1_ where registromo0_.ID_MOTO=motoentity1_.id and (registromo0_.fechaEntrada is not null) and (registromo0_.fechaSalida is null) and motoentity1_.placa=?
Vigilante revisa carro
Vigilante dice todo esta bien
Hibernate: select motoentity0_.id as id1_1_, motoentity0_.cilindraje as cilindra2_1_, motoentity0_.placa as placa3_1_ from Moto motoentity0_ where motoentity0_.placa=?
Hibernate: select motoentity0_.id as id1_1_, motoentity0_.cilindraje as cilindra2_1_, motoentity0_.placa as placa3_1_ from Moto motoentity0_ where motoentity0_.placa=?
Hibernate: call next value for hibernate_sequence
Hibernate: select motoentity0_.id as id1_1_, motoentity0_.cilindraje as cilindra2_1_, motoentity0_.placa as placa3_1_ from Moto motoentity0_ where motoentity0_.placa=?
Hibernate: call next value for hibernate_sequence
Hibernate: insert into RegistroMoto (fechaEntrada, fechaSalida, ID_MOTO, valor, id) values (?, ?, ?, ?, ?)
Hibernate: insert into Moto (cilindraje, placa, id) values (?, ?, ?)
Hibernate: select registromo0_.id as id1_3_, registromo0_.fechaEntrada as fechaEnt2_3_, registromo0_.fechaSalida as fechaSal3_3_, registromo0_.ID_MOTO as ID_MOTO5_3_, registromo0_.valor as valor4_3_ from RegistroMoto registromo0_ cross join Moto motoentity1_ where registromo0_.ID_MOTO=motoentity1_.id and (registromo0_.fechaEntrada is not null) and (registromo0_.fechaSalida is null) and motoentity1_.placa=?
Vigilante revisa carro
Vigilante dice todo esta bien
Hibernate: select motoentity0_.id as id1_1_, motoentity0_.cilindraje as cilindra2_1_, motoentity0_.placa as placa3_1_ from Moto motoentity0_ where motoentity0_.placa=?
Hibernate: select motoentity0_.id as id1_1_, motoentity0_.cilindraje as cilindra2_1_, motoentity0_.placa as placa3_1_ from Moto motoentity0_ where motoentity0_.placa=?
Hibernate: call next value for hibernate_sequence
Hibernate: select motoentity0_.id as id1_1_, motoentity0_.cilindraje as cilindra2_1_, motoentity0_.placa as placa3_1_ from Moto motoentity0_ where motoentity0_.placa=?
Hibernate: call next value for hibernate_sequence
Hibernate: insert into RegistroMoto (fechaEntrada, fechaSalida, ID_MOTO, valor, id) values (?, ?, ?, ?, ?)
Hibernate: insert into Moto (cilindraje, placa, id) values (?, ?, ?)
Hibernate: select registromo0_.id as id1_3_, registromo0_.fechaEntrada as fechaEnt2_3_, registromo0_.fechaSalida as fechaSal3_3_, registromo0_.ID_MOTO as ID_MOTO5_3_, registromo0_.valor as valor4_3_ from RegistroMoto registromo0_ cross join Moto motoentity1_ where registromo0_.ID_MOTO=motoentity1_.id and (registromo0_.fechaEntrada is not null) and (registromo0_.fechaSalida is null) and motoentity1_.placa=?
Vigilante revisa carro
Vigilante dice todo esta bien
Hibernate: select motoentity0_.id as id1_1_, motoentity0_.cilindraje as cilindra2_1_, motoentity0_.placa as placa3_1_ from Moto motoentity0_ where motoentity0_.placa=?
Hibernate: select motoentity0_.id as id1_1_, motoentity0_.cilindraje as cilindra2_1_, motoentity0_.placa as placa3_1_ from Moto motoentity0_ where motoentity0_.placa=?
Hibernate: call next value for hibernate_sequence
Hibernate: select motoentity0_.id as id1_1_, motoentity0_.cilindraje as cilindra2_1_, motoentity0_.placa as placa3_1_ from Moto motoentity0_ where motoentity0_.placa=?
Hibernate: call next value for hibernate_sequence
Hibernate: insert into RegistroMoto (fechaEntrada, fechaSalida, ID_MOTO, valor, id) values (?, ?, ?, ?, ?)
Hibernate: insert into Moto (cilindraje, placa, id) values (?, ?, ?)
Hibernate: select registromo0_.id as id1_3_, registromo0_.fechaEntrada as fechaEnt2_3_, registromo0_.fechaSalida as fechaSal3_3_, registromo0_.ID_MOTO as ID_MOTO5_3_, registromo0_.valor as valor4_3_ from RegistroMoto registromo0_ cross join Moto motoentity1_ where registromo0_.ID_MOTO=motoentity1_.id and (registromo0_.fechaEntrada is not null) and (registromo0_.fechaSalida is null) and motoentity1_.placa=?
Vigilante revisa carro
Vigilante dice todo esta bien
Hibernate: select motoentity0_.id as id1_1_, motoentity0_.cilindraje as cilindra2_1_, motoentity0_.placa as placa3_1_ from Moto motoentity0_ where motoentity0_.placa=?
Hibernate: select motoentity0_.id as id1_1_, motoentity0_.cilindraje as cilindra2_1_, motoentity0_.placa as placa3_1_ from Moto motoentity0_ where motoentity0_.placa=?
Hibernate: call next value for hibernate_sequence
Hibernate: insert into RegistroMoto (fechaEntrada, fechaSalida, ID_MOTO, valor, id) values (?, ?, ?, ?, ?)
Hibernate: select registromo0_.id as id1_3_, registromo0_.fechaEntrada as fechaEnt2_3_, registromo0_.fechaSalida as fechaSal3_3_, registromo0_.ID_MOTO as ID_MOTO5_3_, registromo0_.valor as valor4_3_ from RegistroMoto registromo0_ cross join Moto motoentity1_ where registromo0_.ID_MOTO=motoentity1_.id and (registromo0_.fechaEntrada is not null) and (registromo0_.fechaSalida is null) and motoentity1_.placa=?
Hibernate: drop table Carro if exists
Hibernate: drop table Moto if exists
Hibernate: drop table RegistroCarro if exists
Hibernate: drop table RegistroMoto if exists
Hibernate: drop sequence if exists hibernate_sequence
Hibernate: create sequence hibernate_sequence start with 1 increment by 1
Hibernate: create table Carro (id bigint not null, placa varchar(255) not null, primary key (id))
Hibernate: create table Moto (id bigint not null, cilindraje double not null, placa varchar(255) not null, primary key (id))
Hibernate: create table RegistroCarro (id bigint not null, fechaEntrada timestamp, fechaSalida timestamp, valor double not null, ID_CARRO bigint, primary key (id))
Hibernate: create table RegistroMoto (id bigint not null, fechaEntrada timestamp, fechaSalida timestamp, valor double not null, ID_MOTO bigint, primary key (id))
Hibernate: alter table RegistroCarro add constraint FK166r5ttf1ntgejsgd0pmgnppg foreign key (ID_CARRO) references Carro
Hibernate: alter table RegistroMoto add constraint FKneu4r7skqkfbh4g2lbu3rg5nf foreign key (ID_MOTO) references Moto
Hibernate: select carroentit0_.id as id1_0_, carroentit0_.placa as placa2_0_ from Carro carroentit0_ where carroentit0_.placa=?
Hibernate: call next value for hibernate_sequence
Hibernate: insert into Carro (placa, id) values (?, ?)
Hibernate: select registroca0_.id as id1_2_, registroca0_.ID_CARRO as ID_CARRO5_2_, registroca0_.fechaEntrada as fechaEnt2_2_, registroca0_.fechaSalida as fechaSal3_2_, registroca0_.valor as valor4_2_ from RegistroCarro registroca0_ cross join Carro carroentit1_ where registroca0_.ID_CARRO=carroentit1_.id and (registroca0_.fechaEntrada is not null) and (registroca0_.fechaSalida is null) and carroentit1_.placa=?
Vigilante revisa carro
Vigilante dice todo esta bien
Hibernate: select carroentit0_.id as id1_0_, carroentit0_.placa as placa2_0_ from Carro carroentit0_ where carroentit0_.placa=?
Hibernate: select carroentit0_.id as id1_0_, carroentit0_.placa as placa2_0_ from Carro carroentit0_ where carroentit0_.placa=?
Hibernate: call next value for hibernate_sequence
Hibernate: select carroentit0_.id as id1_0_, carroentit0_.placa as placa2_0_ from Carro carroentit0_ where carroentit0_.placa=?
Hibernate: call next value for hibernate_sequence
Hibernate: insert into RegistroCarro (ID_CARRO, fechaEntrada, fechaSalida, valor, id) values (?, ?, ?, ?, ?)
Hibernate: insert into Carro (placa, id) values (?, ?)
Hibernate: select registroca0_.id as id1_2_, registroca0_.ID_CARRO as ID_CARRO5_2_, registroca0_.fechaEntrada as fechaEnt2_2_, registroca0_.fechaSalida as fechaSal3_2_, registroca0_.valor as valor4_2_ from RegistroCarro registroca0_ cross join Carro carroentit1_ where registroca0_.ID_CARRO=carroentit1_.id and (registroca0_.fechaEntrada is not null) and (registroca0_.fechaSalida is null) and carroentit1_.placa=?
Vigilante revisa carro
Vigilante dice todo esta bien
Hibernate: select carroentit0_.id as id1_0_, carroentit0_.placa as placa2_0_ from Carro carroentit0_ where carroentit0_.placa=?
Hibernate: select carroentit0_.id as id1_0_, carroentit0_.placa as placa2_0_ from Carro carroentit0_ where carroentit0_.placa=?
Hibernate: call next value for hibernate_sequence
Hibernate: select carroentit0_.id as id1_0_, carroentit0_.placa as placa2_0_ from Carro carroentit0_ where carroentit0_.placa=?
Hibernate: call next value for hibernate_sequence
Hibernate: insert into RegistroCarro (ID_CARRO, fechaEntrada, fechaSalida, valor, id) values (?, ?, ?, ?, ?)
Hibernate: insert into Carro (placa, id) values (?, ?)
Hibernate: select registroca0_.id as id1_2_, registroca0_.ID_CARRO as ID_CARRO5_2_, registroca0_.fechaEntrada as fechaEnt2_2_, registroca0_.fechaSalida as fechaSal3_2_, registroca0_.valor as valor4_2_ from RegistroCarro registroca0_ cross join Carro carroentit1_ where registroca0_.ID_CARRO=carroentit1_.id and (registroca0_.fechaEntrada is not null) and (registroca0_.fechaSalida is null) and carroentit1_.placa=?
Vigilante revisa carro
Vigilante dice todo esta bien
Hibernate: select carroentit0_.id as id1_0_, carroentit0_.placa as placa2_0_ from Carro carroentit0_ where carroentit0_.placa=?
Hibernate: select carroentit0_.id as id1_0_, carroentit0_.placa as placa2_0_ from Carro carroentit0_ where carroentit0_.placa=?
Hibernate: call next value for hibernate_sequence
Hibernate: select carroentit0_.id as id1_0_, carroentit0_.placa as placa2_0_ from Carro carroentit0_ where carroentit0_.placa=?
Hibernate: call next value for hibernate_sequence
Hibernate: insert into RegistroCarro (ID_CARRO, fechaEntrada, fechaSalida, valor, id) values (?, ?, ?, ?, ?)
Hibernate: insert into Carro (placa, id) values (?, ?)
Hibernate: select registroca0_.id as id1_2_, registroca0_.ID_CARRO as ID_CARRO5_2_, registroca0_.fechaEntrada as fechaEnt2_2_, registroca0_.fechaSalida as fechaSal3_2_, registroca0_.valor as valor4_2_ from RegistroCarro registroca0_ cross join Carro carroentit1_ where registroca0_.ID_CARRO=carroentit1_.id and (registroca0_.fechaEntrada is not null) and (registroca0_.fechaSalida is null) and carroentit1_.placa=?
Vigilante revisa carro
Vigilante dice todo esta bien
Hibernate: select carroentit0_.id as id1_0_, carroentit0_.placa as placa2_0_ from Carro carroentit0_ where carroentit0_.placa=?
Hibernate: select carroentit0_.id as id1_0_, carroentit0_.placa as placa2_0_ from Carro carroentit0_ where carroentit0_.placa=?
Hibernate: call next value for hibernate_sequence
Hibernate: select carroentit0_.id as id1_0_, carroentit0_.placa as placa2_0_ from Carro carroentit0_ where carroentit0_.placa=?
Hibernate: call next value for hibernate_sequence
Hibernate: insert into RegistroCarro (ID_CARRO, fechaEntrada, fechaSalida, valor, id) values (?, ?, ?, ?, ?)
Hibernate: insert into Carro (placa, id) values (?, ?)
Hibernate: select registroca0_.id as id1_2_, registroca0_.ID_CARRO as ID_CARRO5_2_, registroca0_.fechaEntrada as fechaEnt2_2_, registroca0_.fechaSalida as fechaSal3_2_, registroca0_.valor as valor4_2_ from RegistroCarro registroca0_ cross join Carro carroentit1_ where registroca0_.ID_CARRO=carroentit1_.id and (registroca0_.fechaEntrada is not null) and (registroca0_.fechaSalida is null) and carroentit1_.placa=?
Vigilante revisa carro
Vigilante dice todo esta bien
Hibernate: select carroentit0_.id as id1_0_, carroentit0_.placa as placa2_0_ from Carro carroentit0_ where carroentit0_.placa=?
Hibernate: select carroentit0_.id as id1_0_, carroentit0_.placa as placa2_0_ from Carro carroentit0_ where carroentit0_.placa=?
Hibernate: call next value for hibernate_sequence
Hibernate: select carroentit0_.id as id1_0_, carroentit0_.placa as placa2_0_ from Carro carroentit0_ where carroentit0_.placa=?
Hibernate: call next value for hibernate_sequence
Hibernate: insert into RegistroCarro (ID_CARRO, fechaEntrada, fechaSalida, valor, id) values (?, ?, ?, ?, ?)
Hibernate: insert into Carro (placa, id) values (?, ?)
Hibernate: select registroca0_.id as id1_2_, registroca0_.ID_CARRO as ID_CARRO5_2_, registroca0_.fechaEntrada as fechaEnt2_2_, registroca0_.fechaSalida as fechaSal3_2_, registroca0_.valor as valor4_2_ from RegistroCarro registroca0_ cross join Carro carroentit1_ where registroca0_.ID_CARRO=carroentit1_.id and (registroca0_.fechaEntrada is not null) and (registroca0_.fechaSalida is null) and carroentit1_.placa=?
Vigilante revisa carro
Vigilante dice todo esta bien
Hibernate: select carroentit0_.id as id1_0_, carroentit0_.placa as placa2_0_ from Carro carroentit0_ where carroentit0_.placa=?
Hibernate: select carroentit0_.id as id1_0_, carroentit0_.placa as placa2_0_ from Carro carroentit0_ where carroentit0_.placa=?
Hibernate: call next value for hibernate_sequence
Hibernate: select carroentit0_.id as id1_0_, carroentit0_.placa as placa2_0_ from Carro carroentit0_ where carroentit0_.placa=?
Hibernate: call next value for hibernate_sequence
Hibernate: insert into RegistroCarro (ID_CARRO, fechaEntrada, fechaSalida, valor, id) values (?, ?, ?, ?, ?)
Hibernate: insert into Carro (placa, id) values (?, ?)
Hibernate: select registroca0_.id as id1_2_, registroca0_.ID_CARRO as ID_CARRO5_2_, registroca0_.fechaEntrada as fechaEnt2_2_, registroca0_.fechaSalida as fechaSal3_2_, registroca0_.valor as valor4_2_ from RegistroCarro registroca0_ cross join Carro carroentit1_ where registroca0_.ID_CARRO=carroentit1_.id and (registroca0_.fechaEntrada is not null) and (registroca0_.fechaSalida is null) and carroentit1_.placa=?
Vigilante revisa carro
Vigilante dice todo esta bien
Hibernate: select carroentit0_.id as id1_0_, carroentit0_.placa as placa2_0_ from Carro carroentit0_ where carroentit0_.placa=?
Hibernate: select carroentit0_.id as id1_0_, carroentit0_.placa as placa2_0_ from Carro carroentit0_ where carroentit0_.placa=?
Hibernate: call next value for hibernate_sequence
Hibernate: select carroentit0_.id as id1_0_, carroentit0_.placa as placa2_0_ from Carro carroentit0_ where carroentit0_.placa=?
Hibernate: call next value for hibernate_sequence
Hibernate: insert into RegistroCarro (ID_CARRO, fechaEntrada, fechaSalida, valor, id) values (?, ?, ?, ?, ?)
Hibernate: insert into Carro (placa, id) values (?, ?)
Hibernate: select registroca0_.id as id1_2_, registroca0_.ID_CARRO as ID_CARRO5_2_, registroca0_.fechaEntrada as fechaEnt2_2_, registroca0_.fechaSalida as fechaSal3_2_, registroca0_.valor as valor4_2_ from RegistroCarro registroca0_ cross join Carro carroentit1_ where registroca0_.ID_CARRO=carroentit1_.id and (registroca0_.fechaEntrada is not null) and (registroca0_.fechaSalida is null) and carroentit1_.placa=?
Vigilante revisa carro
Vigilante dice todo esta bien
Hibernate: select carroentit0_.id as id1_0_, carroentit0_.placa as placa2_0_ from Carro carroentit0_ where carroentit0_.placa=?
Hibernate: select carroentit0_.id as id1_0_, carroentit0_.placa as placa2_0_ from Carro carroentit0_ where carroentit0_.placa=?
Hibernate: call next value for hibernate_sequence
Hibernate: select carroentit0_.id as id1_0_, carroentit0_.placa as placa2_0_ from Carro carroentit0_ where carroentit0_.placa=?
Hibernate: call next value for hibernate_sequence
Hibernate: insert into RegistroCarro (ID_CARRO, fechaEntrada, fechaSalida, valor, id) values (?, ?, ?, ?, ?)
Hibernate: insert into Carro (placa, id) values (?, ?)
Hibernate: select registroca0_.id as id1_2_, registroca0_.ID_CARRO as ID_CARRO5_2_, registroca0_.fechaEntrada as fechaEnt2_2_, registroca0_.fechaSalida as fechaSal3_2_, registroca0_.valor as valor4_2_ from RegistroCarro registroca0_ cross join Carro carroentit1_ where registroca0_.ID_CARRO=carroentit1_.id and (registroca0_.fechaEntrada is not null) and (registroca0_.fechaSalida is null) and carroentit1_.placa=?
Vigilante revisa carro
Vigilante dice todo esta bien
Hibernate: select carroentit0_.id as id1_0_, carroentit0_.placa as placa2_0_ from Carro carroentit0_ where carroentit0_.placa=?
Hibernate: select carroentit0_.id as id1_0_, carroentit0_.placa as placa2_0_ from Carro carroentit0_ where carroentit0_.placa=?
Hibernate: call next value for hibernate_sequence
Hibernate: select carroentit0_.id as id1_0_, carroentit0_.placa as placa2_0_ from Carro carroentit0_ where carroentit0_.placa=?
Hibernate: call next value for hibernate_sequence
Hibernate: insert into RegistroCarro (ID_CARRO, fechaEntrada, fechaSalida, valor, id) values (?, ?, ?, ?, ?)
Hibernate: insert into Carro (placa, id) values (?, ?)
Hibernate: select registroca0_.id as id1_2_, registroca0_.ID_CARRO as ID_CARRO5_2_, registroca0_.fechaEntrada as fechaEnt2_2_, registroca0_.fechaSalida as fechaSal3_2_, registroca0_.valor as valor4_2_ from RegistroCarro registroca0_ cross join Carro carroentit1_ where registroca0_.ID_CARRO=carroentit1_.id and (registroca0_.fechaEntrada is not null) and (registroca0_.fechaSalida is null) and carroentit1_.placa=?
Vigilante revisa carro
Vigilante dice todo esta bien
Hibernate: select carroentit0_.id as id1_0_, carroentit0_.placa as placa2_0_ from Carro carroentit0_ where carroentit0_.placa=?
Hibernate: select carroentit0_.id as id1_0_, carroentit0_.placa as placa2_0_ from Carro carroentit0_ where carroentit0_.placa=?
Hibernate: call next value for hibernate_sequence
Hibernate: select carroentit0_.id as id1_0_, carroentit0_.placa as placa2_0_ from Carro carroentit0_ where carroentit0_.placa=?
Hibernate: call next value for hibernate_sequence
Hibernate: insert into RegistroCarro (ID_CARRO, fechaEntrada, fechaSalida, valor, id) values (?, ?, ?, ?, ?)
Hibernate: insert into Carro (placa, id) values (?, ?)
Hibernate: select registroca0_.id as id1_2_, registroca0_.ID_CARRO as ID_CARRO5_2_, registroca0_.fechaEntrada as fechaEnt2_2_, registroca0_.fechaSalida as fechaSal3_2_, registroca0_.valor as valor4_2_ from RegistroCarro registroca0_ cross join Carro carroentit1_ where registroca0_.ID_CARRO=carroentit1_.id and (registroca0_.fechaEntrada is not null) and (registroca0_.fechaSalida is null) and carroentit1_.placa=?
Vigilante revisa carro
Vigilante dice todo esta bien
Hibernate: select carroentit0_.id as id1_0_, carroentit0_.placa as placa2_0_ from Carro carroentit0_ where carroentit0_.placa=?
Hibernate: select carroentit0_.id as id1_0_, carroentit0_.placa as placa2_0_ from Carro carroentit0_ where carroentit0_.placa=?
Hibernate: call next value for hibernate_sequence
Hibernate: select carroentit0_.id as id1_0_, carroentit0_.placa as placa2_0_ from Carro carroentit0_ where carroentit0_.placa=?
Hibernate: call next value for hibernate_sequence
Hibernate: insert into RegistroCarro (ID_CARRO, fechaEntrada, fechaSalida, valor, id) values (?, ?, ?, ?, ?)
Hibernate: insert into Carro (placa, id) values (?, ?)
Hibernate: select registroca0_.id as id1_2_, registroca0_.ID_CARRO as ID_CARRO5_2_, registroca0_.fechaEntrada as fechaEnt2_2_, registroca0_.fechaSalida as fechaSal3_2_, registroca0_.valor as valor4_2_ from RegistroCarro registroca0_ cross join Carro carroentit1_ where registroca0_.ID_CARRO=carroentit1_.id and (registroca0_.fechaEntrada is not null) and (registroca0_.fechaSalida is null) and carroentit1_.placa=?
Vigilante revisa carro
Vigilante dice todo esta bien
Hibernate: select carroentit0_.id as id1_0_, carroentit0_.placa as placa2_0_ from Carro carroentit0_ where carroentit0_.placa=?
Hibernate: select carroentit0_.id as id1_0_, carroentit0_.placa as placa2_0_ from Carro carroentit0_ where carroentit0_.placa=?
Hibernate: call next value for hibernate_sequence
Hibernate: select carroentit0_.id as id1_0_, carroentit0_.placa as placa2_0_ from Carro carroentit0_ where carroentit0_.placa=?
Hibernate: call next value for hibernate_sequence
Hibernate: insert into RegistroCarro (ID_CARRO, fechaEntrada, fechaSalida, valor, id) values (?, ?, ?, ?, ?)
Hibernate: insert into Carro (placa, id) values (?, ?)
Hibernate: select registroca0_.id as id1_2_, registroca0_.ID_CARRO as ID_CARRO5_2_, registroca0_.fechaEntrada as fechaEnt2_2_, registroca0_.fechaSalida as fechaSal3_2_, registroca0_.valor as valor4_2_ from RegistroCarro registroca0_ cross join Carro carroentit1_ where registroca0_.ID_CARRO=carroentit1_.id and (registroca0_.fechaEntrada is not null) and (registroca0_.fechaSalida is null) and carroentit1_.placa=?
Vigilante revisa carro
Vigilante dice todo esta bien
Hibernate: select carroentit0_.id as id1_0_, carroentit0_.placa as placa2_0_ from Carro carroentit0_ where carroentit0_.placa=?
Hibernate: select carroentit0_.id as id1_0_, carroentit0_.placa as placa2_0_ from Carro carroentit0_ where carroentit0_.placa=?
Hibernate: call next value for hibernate_sequence
Hibernate: select carroentit0_.id as id1_0_, carroentit0_.placa as placa2_0_ from Carro carroentit0_ where carroentit0_.placa=?
Hibernate: call next value for hibernate_sequence
Hibernate: insert into RegistroCarro (ID_CARRO, fechaEntrada, fechaSalida, valor, id) values (?, ?, ?, ?, ?)
Hibernate: insert into Carro (placa, id) values (?, ?)
Hibernate: select registroca0_.id as id1_2_, registroca0_.ID_CARRO as ID_CARRO5_2_, registroca0_.fechaEntrada as fechaEnt2_2_, registroca0_.fechaSalida as fechaSal3_2_, registroca0_.valor as valor4_2_ from RegistroCarro registroca0_ cross join Carro carroentit1_ where registroca0_.ID_CARRO=carroentit1_.id and (registroca0_.fechaEntrada is not null) and (registroca0_.fechaSalida is null) and carroentit1_.placa=?
Vigilante revisa carro
Vigilante dice todo esta bien
Hibernate: select carroentit0_.id as id1_0_, carroentit0_.placa as placa2_0_ from Carro carroentit0_ where carroentit0_.placa=?
Hibernate: select carroentit0_.id as id1_0_, carroentit0_.placa as placa2_0_ from Carro carroentit0_ where carroentit0_.placa=?
Hibernate: call next value for hibernate_sequence
Hibernate: select carroentit0_.id as id1_0_, carroentit0_.placa as placa2_0_ from Carro carroentit0_ where carroentit0_.placa=?
Hibernate: call next value for hibernate_sequence
Hibernate: insert into RegistroCarro (ID_CARRO, fechaEntrada, fechaSalida, valor, id) values (?, ?, ?, ?, ?)
Hibernate: insert into Carro (placa, id) values (?, ?)
Hibernate: select registroca0_.id as id1_2_, registroca0_.ID_CARRO as ID_CARRO5_2_, registroca0_.fechaEntrada as fechaEnt2_2_, registroca0_.fechaSalida as fechaSal3_2_, registroca0_.valor as valor4_2_ from RegistroCarro registroca0_ cross join Carro carroentit1_ where registroca0_.ID_CARRO=carroentit1_.id and (registroca0_.fechaEntrada is not null) and (registroca0_.fechaSalida is null) and carroentit1_.placa=?
Vigilante revisa carro
Vigilante dice todo esta bien
Hibernate: select carroentit0_.id as id1_0_, carroentit0_.placa as placa2_0_ from Carro carroentit0_ where carroentit0_.placa=?
Hibernate: select carroentit0_.id as id1_0_, carroentit0_.placa as placa2_0_ from Carro carroentit0_ where carroentit0_.placa=?
Hibernate: call next value for hibernate_sequence
Hibernate: select carroentit0_.id as id1_0_, carroentit0_.placa as placa2_0_ from Carro carroentit0_ where carroentit0_.placa=?
Hibernate: call next value for hibernate_sequence
Hibernate: insert into RegistroCarro (ID_CARRO, fechaEntrada, fechaSalida, valor, id) values (?, ?, ?, ?, ?)
Hibernate: insert into Carro (placa, id) values (?, ?)
Hibernate: select registroca0_.id as id1_2_, registroca0_.ID_CARRO as ID_CARRO5_2_, registroca0_.fechaEntrada as fechaEnt2_2_, registroca0_.fechaSalida as fechaSal3_2_, registroca0_.valor as valor4_2_ from RegistroCarro registroca0_ cross join Carro carroentit1_ where registroca0_.ID_CARRO=carroentit1_.id and (registroca0_.fechaEntrada is not null) and (registroca0_.fechaSalida is null) and carroentit1_.placa=?
Vigilante revisa carro
Vigilante dice todo esta bien
Hibernate: select carroentit0_.id as id1_0_, carroentit0_.placa as placa2_0_ from Carro carroentit0_ where carroentit0_.placa=?
Hibernate: select carroentit0_.id as id1_0_, carroentit0_.placa as placa2_0_ from Carro carroentit0_ where carroentit0_.placa=?
Hibernate: call next value for hibernate_sequence
Hibernate: select carroentit0_.id as id1_0_, carroentit0_.placa as placa2_0_ from Carro carroentit0_ where carroentit0_.placa=?
Hibernate: call next value for hibernate_sequence
Hibernate: insert into RegistroCarro (ID_CARRO, fechaEntrada, fechaSalida, valor, id) values (?, ?, ?, ?, ?)
Hibernate: insert into Carro (placa, id) values (?, ?)
Hibernate: select registroca0_.id as id1_2_, registroca0_.ID_CARRO as ID_CARRO5_2_, registroca0_.fechaEntrada as fechaEnt2_2_, registroca0_.fechaSalida as fechaSal3_2_, registroca0_.valor as valor4_2_ from RegistroCarro registroca0_ cross join Carro carroentit1_ where registroca0_.ID_CARRO=carroentit1_.id and (registroca0_.fechaEntrada is not null) and (registroca0_.fechaSalida is null) and carroentit1_.placa=?
Vigilante revisa carro
Vigilante dice todo esta bien
Hibernate: select carroentit0_.id as id1_0_, carroentit0_.placa as placa2_0_ from Carro carroentit0_ where carroentit0_.placa=?
Hibernate: select carroentit0_.id as id1_0_, carroentit0_.placa as placa2_0_ from Carro carroentit0_ where carroentit0_.placa=?
Hibernate: call next value for hibernate_sequence
Hibernate: select carroentit0_.id as id1_0_, carroentit0_.placa as placa2_0_ from Carro carroentit0_ where carroentit0_.placa=?
Hibernate: call next value for hibernate_sequence
Hibernate: insert into RegistroCarro (ID_CARRO, fechaEntrada, fechaSalida, valor, id) values (?, ?, ?, ?, ?)
Hibernate: insert into Carro (placa, id) values (?, ?)
Hibernate: select registroca0_.id as id1_2_, registroca0_.ID_CARRO as ID_CARRO5_2_, registroca0_.fechaEntrada as fechaEnt2_2_, registroca0_.fechaSalida as fechaSal3_2_, registroca0_.valor as valor4_2_ from RegistroCarro registroca0_ cross join Carro carroentit1_ where registroca0_.ID_CARRO=carroentit1_.id and (registroca0_.fechaEntrada is not null) and (registroca0_.fechaSalida is null) and carroentit1_.placa=?
Vigilante revisa carro
Vigilante dice todo esta bien
Hibernate: select carroentit0_.id as id1_0_, carroentit0_.placa as placa2_0_ from Carro carroentit0_ where carroentit0_.placa=?
Hibernate: select carroentit0_.id as id1_0_, carroentit0_.placa as placa2_0_ from Carro carroentit0_ where carroentit0_.placa=?
Hibernate: call next value for hibernate_sequence
Hibernate: select carroentit0_.id as id1_0_, carroentit0_.placa as placa2_0_ from Carro carroentit0_ where carroentit0_.placa=?
Hibernate: call next value for hibernate_sequence
Hibernate: insert into RegistroCarro (ID_CARRO, fechaEntrada, fechaSalida, valor, id) values (?, ?, ?, ?, ?)
Hibernate: insert into Carro (placa, id) values (?, ?)
Hibernate: select registroca0_.id as id1_2_, registroca0_.ID_CARRO as ID_CARRO5_2_, registroca0_.fechaEntrada as fechaEnt2_2_, registroca0_.fechaSalida as fechaSal3_2_, registroca0_.valor as valor4_2_ from RegistroCarro registroca0_ cross join Carro carroentit1_ where registroca0_.ID_CARRO=carroentit1_.id and (registroca0_.fechaEntrada is not null) and (registroca0_.fechaSalida is null) and carroentit1_.placa=?
Vigilante revisa carro
Vigilante dice todo esta bien
Hibernate: select carroentit0_.id as id1_0_, carroentit0_.placa as placa2_0_ from Carro carroentit0_ where carroentit0_.placa=?
Hibernate: select carroentit0_.id as id1_0_, carroentit0_.placa as placa2_0_ from Carro carroentit0_ where carroentit0_.placa=?
Hibernate: call next value for hibernate_sequence
Hibernate: select carroentit0_.id as id1_0_, carroentit0_.placa as placa2_0_ from Carro carroentit0_ where carroentit0_.placa=?
Hibernate: call next value for hibernate_sequence
Hibernate: insert into RegistroCarro (ID_CARRO, fechaEntrada, fechaSalida, valor, id) values (?, ?, ?, ?, ?)
Hibernate: insert into Carro (placa, id) values (?, ?)
Hibernate: select registroca0_.id as id1_2_, registroca0_.ID_CARRO as ID_CARRO5_2_, registroca0_.fechaEntrada as fechaEnt2_2_, registroca0_.fechaSalida as fechaSal3_2_, registroca0_.valor as valor4_2_ from RegistroCarro registroca0_ cross join Carro carroentit1_ where registroca0_.ID_CARRO=carroentit1_.id and (registroca0_.fechaEntrada is not null) and (registroca0_.fechaSalida is null) and carroentit1_.placa=?
Vigilante revisa carro
Vigilante dice todo esta bien
Hibernate: select carroentit0_.id as id1_0_, carroentit0_.placa as placa2_0_ from Carro carroentit0_ where carroentit0_.placa=?
Hibernate: select carroentit0_.id as id1_0_, carroentit0_.placa as placa2_0_ from Carro carroentit0_ where carroentit0_.placa=?
Hibernate: call next value for hibernate_sequence
Hibernate: insert into RegistroCarro (ID_CARRO, fechaEntrada, fechaSalida, valor, id) values (?, ?, ?, ?, ?)
Hibernate: select registroca0_.id as id1_2_, registroca0_.ID_CARRO as ID_CARRO5_2_, registroca0_.fechaEntrada as fechaEnt2_2_, registroca0_.fechaSalida as fechaSal3_2_, registroca0_.valor as valor4_2_ from RegistroCarro registroca0_ cross join Carro carroentit1_ where registroca0_.ID_CARRO=carroentit1_.id and (registroca0_.fechaEntrada is not null) and (registroca0_.fechaSalida is null) and carroentit1_.placa=?
Hibernate: drop table Carro if exists
Hibernate: drop table Moto if exists
Hibernate: drop table RegistroCarro if exists
Hibernate: drop table RegistroMoto if exists
Hibernate: drop sequence if exists hibernate_sequence
Hibernate: create sequence hibernate_sequence start with 1 increment by 1
Hibernate: create table Carro (id bigint not null, placa varchar(255) not null, primary key (id))
Hibernate: create table Moto (id bigint not null, cilindraje double not null, placa varchar(255) not null, primary key (id))
Hibernate: create table RegistroCarro (id bigint not null, fechaEntrada timestamp, fechaSalida timestamp, valor double not null, ID_CARRO bigint, primary key (id))
Hibernate: create table RegistroMoto (id bigint not null, fechaEntrada timestamp, fechaSalida timestamp, valor double not null, ID_MOTO bigint, primary key (id))
Hibernate: alter table RegistroCarro add constraint FK166r5ttf1ntgejsgd0pmgnppg foreign key (ID_CARRO) references Carro
Hibernate: alter table RegistroMoto add constraint FKneu4r7skqkfbh4g2lbu3rg5nf foreign key (ID_MOTO) references Moto
Hibernate: select motoentity0_.id as id1_1_, motoentity0_.cilindraje as cilindra2_1_, motoentity0_.placa as placa3_1_ from Moto motoentity0_ where motoentity0_.placa=?
Hibernate: call next value for hibernate_sequence
Hibernate: insert into Moto (cilindraje, placa, id) values (?, ?, ?)
Hibernate: select registromo0_.id as id1_3_, registromo0_.fechaEntrada as fechaEnt2_3_, registromo0_.fechaSalida as fechaSal3_3_, registromo0_.ID_MOTO as ID_MOTO5_3_, registromo0_.valor as valor4_3_ from RegistroMoto registromo0_ cross join Moto motoentity1_ where registromo0_.ID_MOTO=motoentity1_.id and (registromo0_.fechaEntrada is not null) and (registromo0_.fechaSalida is null) and motoentity1_.placa=?
Vigilante revisa carro
Vigilante dice todo esta bien
Hibernate: select motoentity0_.id as id1_1_, motoentity0_.cilindraje as cilindra2_1_, motoentity0_.placa as placa3_1_ from Moto motoentity0_ where motoentity0_.placa=?
Hibernate: select motoentity0_.id as id1_1_, motoentity0_.cilindraje as cilindra2_1_, motoentity0_.placa as placa3_1_ from Moto motoentity0_ where motoentity0_.placa=?
Hibernate: call next value for hibernate_sequence
Hibernate: insert into RegistroMoto (fechaEntrada, fechaSalida, ID_MOTO, valor, id) values (?, ?, ?, ?, ?)
Hibernate: select registromo0_.id as id1_3_, registromo0_.fechaEntrada as fechaEnt2_3_, registromo0_.fechaSalida as fechaSal3_3_, registromo0_.ID_MOTO as ID_MOTO5_3_, registromo0_.valor as valor4_3_ from RegistroMoto registromo0_ cross join Moto motoentity1_ where registromo0_.ID_MOTO=motoentity1_.id and (registromo0_.fechaEntrada is not null) and (registromo0_.fechaSalida is null) and motoentity1_.placa=?
Vigilante revisa carro
Vigilante dice todo esta bien
Hibernate: select registromo0_.id as id1_3_, registromo0_.fechaEntrada as fechaEnt2_3_, registromo0_.fechaSalida as fechaSal3_3_, registromo0_.ID_MOTO as ID_MOTO5_3_, registromo0_.valor as valor4_3_ from RegistroMoto registromo0_ cross join Moto motoentity1_ where registromo0_.ID_MOTO=motoentity1_.id and (registromo0_.fechaEntrada is not null) and (registromo0_.fechaSalida is null) and motoentity1_.placa=?
Hibernate: select registromo0_.id as id1_3_, registromo0_.fechaEntrada as fechaEnt2_3_, registromo0_.fechaSalida as fechaSal3_3_, registromo0_.ID_MOTO as ID_MOTO5_3_, registromo0_.valor as valor4_3_ from RegistroMoto registromo0_ cross join Moto motoentity1_ where registromo0_.ID_MOTO=motoentity1_.id and (registromo0_.fechaEntrada is not null) and (registromo0_.fechaSalida is null) and motoentity1_.placa=?
Hibernate: update RegistroMoto set fechaEntrada=?, fechaSalida=?, ID_MOTO=?, valor=? where id=?
Hibernate: select registromo0_.id as id1_3_, registromo0_.fechaEntrada as fechaEnt2_3_, registromo0_.fechaSalida as fechaSal3_3_, registromo0_.ID_MOTO as ID_MOTO5_3_, registromo0_.valor as valor4_3_ from RegistroMoto registromo0_ cross join Moto motoentity1_ where registromo0_.ID_MOTO=motoentity1_.id and (registromo0_.fechaEntrada is not null) and (registromo0_.fechaSalida is null) and motoentity1_.placa=?
Hibernate: drop table Carro if exists
Hibernate: drop table Moto if exists
Hibernate: drop table RegistroCarro if exists
Hibernate: drop table RegistroMoto if exists
Hibernate: drop sequence if exists hibernate_sequence
Hibernate: create sequence hibernate_sequence start with 1 increment by 1
Hibernate: create table Carro (id bigint not null, placa varchar(255) not null, primary key (id))
Hibernate: create table Moto (id bigint not null, cilindraje double not null, placa varchar(255) not null, primary key (id))
Hibernate: create table RegistroCarro (id bigint not null, fechaEntrada timestamp, fechaSalida timestamp, valor double not null, ID_CARRO bigint, primary key (id))
Hibernate: create table RegistroMoto (id bigint not null, fechaEntrada timestamp, fechaSalida timestamp, valor double not null, ID_MOTO bigint, primary key (id))
Hibernate: alter table RegistroCarro add constraint FK166r5ttf1ntgejsgd0pmgnppg foreign key (ID_CARRO) references Carro
Hibernate: alter table RegistroMoto add constraint FKneu4r7skqkfbh4g2lbu3rg5nf foreign key (ID_MOTO) references Moto
Hibernate: select motoentity0_.id as id1_1_, motoentity0_.cilindraje as cilindra2_1_, motoentity0_.placa as placa3_1_ from Moto motoentity0_ where motoentity0_.placa=?
Hibernate: call next value for hibernate_sequence
Hibernate: insert into Moto (cilindraje, placa, id) values (?, ?, ?)
Hibernate: select registromo0_.id as id1_3_, registromo0_.fechaEntrada as fechaEnt2_3_, registromo0_.fechaSalida as fechaSal3_3_, registromo0_.ID_MOTO as ID_MOTO5_3_, registromo0_.valor as valor4_3_ from RegistroMoto registromo0_ cross join Moto motoentity1_ where registromo0_.ID_MOTO=motoentity1_.id and (registromo0_.fechaEntrada is not null) and (registromo0_.fechaSalida is null) and motoentity1_.placa=?
Vigilante revisa carro
Vigilante dice todo esta bien
Hibernate: select motoentity0_.id as id1_1_, motoentity0_.cilindraje as cilindra2_1_, motoentity0_.placa as placa3_1_ from Moto motoentity0_ where motoentity0_.placa=?
Hibernate: select motoentity0_.id as id1_1_, motoentity0_.cilindraje as cilindra2_1_, motoentity0_.placa as placa3_1_ from Moto motoentity0_ where motoentity0_.placa=?
Hibernate: call next value for hibernate_sequence
Hibernate: insert into RegistroMoto (fechaEntrada, fechaSalida, ID_MOTO, valor, id) values (?, ?, ?, ?, ?)
Hibernate: select registromo0_.id as id1_3_, registromo0_.fechaEntrada as fechaEnt2_3_, registromo0_.fechaSalida as fechaSal3_3_, registromo0_.ID_MOTO as ID_MOTO5_3_, registromo0_.valor as valor4_3_ from RegistroMoto registromo0_ cross join Moto motoentity1_ where registromo0_.ID_MOTO=motoentity1_.id and (registromo0_.fechaEntrada is not null) and (registromo0_.fechaSalida is null) and motoentity1_.placa=?
Vigilante revisa carro
Vigilante dice todo esta bien
Hibernate: select registromo0_.id as id1_3_, registromo0_.fechaEntrada as fechaEnt2_3_, registromo0_.fechaSalida as fechaSal3_3_, registromo0_.ID_MOTO as ID_MOTO5_3_, registromo0_.valor as valor4_3_ from RegistroMoto registromo0_ cross join Moto motoentity1_ where registromo0_.ID_MOTO=motoentity1_.id and (registromo0_.fechaEntrada is not null) and (registromo0_.fechaSalida is null) and motoentity1_.placa=?
Hibernate: select registromo0_.id as id1_3_, registromo0_.fechaEntrada as fechaEnt2_3_, registromo0_.fechaSalida as fechaSal3_3_, registromo0_.ID_MOTO as ID_MOTO5_3_, registromo0_.valor as valor4_3_ from RegistroMoto registromo0_ cross join Moto motoentity1_ where registromo0_.ID_MOTO=motoentity1_.id and (registromo0_.fechaEntrada is not null) and (registromo0_.fechaSalida is null) and motoentity1_.placa=?
Hibernate: update RegistroMoto set fechaEntrada=?, fechaSalida=?, ID_MOTO=?, valor=? where id=?
Hibernate: select registromo0_.id as id1_3_, registromo0_.fechaEntrada as fechaEnt2_3_, registromo0_.fechaSalida as fechaSal3_3_, registromo0_.ID_MOTO as ID_MOTO5_3_, registromo0_.valor as valor4_3_ from RegistroMoto registromo0_ cross join Moto motoentity1_ where registromo0_.ID_MOTO=motoentity1_.id and (registromo0_.fechaEntrada is not null) and (registromo0_.fechaSalida is null) and motoentity1_.placa=?
]]></system-out>
  <system-err><![CDATA[log4j:WARN No appenders could be found for logger (org.jboss.logging).
log4j:WARN Please initialize the log4j system properly.
log4j:WARN See http://logging.apache.org/log4j/1.2/faq.html#noconfig for more info.
]]></system-err>
</testsuite>
