<?xml version="1.0" encoding="UTF-8"?>
<testsuite name="co.ceiba.parqueadero.negocio.integracion.ParqueaderoTest" tests="12" skipped="0" failures="0" errors="0" timestamp="2017-11-29T22:11:59" hostname="CRISTIAN-VICTORIA" time="5.24">
  <properties/>
  <testcase name="registrarEntradaMismaMotoVariasVecesTest" classname="co.ceiba.parqueadero.negocio.integracion.ParqueaderoTest" time="3.666"/>
  <testcase name="registrarEntradaCarroPlacaIniConAUnMiercolesTest" classname="co.ceiba.parqueadero.negocio.integracion.ParqueaderoTest" time="0.169"/>
  <testcase name="registrarEntradaMotoPlacaIniConAUnLunesODomingoTest" classname="co.ceiba.parqueadero.negocio.integracion.ParqueaderoTest" time="0.157"/>
  <testcase name="registrarEntradaMotoPlacaIniConAUnMiercolesTest" classname="co.ceiba.parqueadero.negocio.integracion.ParqueaderoTest" time="0.137"/>
  <testcase name="registrarEntradaCarroPlacaIniConAUnLunesODomingoTest" classname="co.ceiba.parqueadero.negocio.integracion.ParqueaderoTest" time="0.132"/>
  <testcase name="registrarEntradaCarroTest" classname="co.ceiba.parqueadero.negocio.integracion.ParqueaderoTest" time="0.122"/>
  <testcase name="registrarSalidaMismoCarroVariasVecesTest" classname="co.ceiba.parqueadero.negocio.integracion.ParqueaderoTest" time="0.131"/>
  <testcase name="registrarEntradaMismoCarroVariasVecesTest" classname="co.ceiba.parqueadero.negocio.integracion.ParqueaderoTest" time="0.119"/>
  <testcase name="registrarSalidaCarroTest" classname="co.ceiba.parqueadero.negocio.integracion.ParqueaderoTest" time="0.117"/>
  <testcase name="registrarEntradaMotoTest" classname="co.ceiba.parqueadero.negocio.integracion.ParqueaderoTest" time="0.105"/>
  <testcase name="capacidadMaximaParqueaderoMotosTest" classname="co.ceiba.parqueadero.negocio.integracion.ParqueaderoTest" time="0.166"/>
  <testcase name="capacidadMaximaParqueaderoCarrosTest" classname="co.ceiba.parqueadero.negocio.integracion.ParqueaderoTest" time="0.216"/>
  <system-out><![CDATA[Hibernate: drop table Carro if exists
Hibernate: drop table Moto if exists
Hibernate: drop table RegistroCarro if exists
Hibernate: drop table RegistroMoto if exists
Hibernate: drop sequence if exists hibernate_sequence
Hibernate: create sequence hibernate_sequence start with 1 increment by 1
Hibernate: create table Carro (id bigint not null, placa varchar(255) not null, primary key (id))
Hibernate: create table Moto (id bigint not null, cilindraje double not null, placa varchar(255) not null, primary key (id))
Hibernate: create table RegistroCarro (id bigint not null, fechaEntrada timestamp, fechaSalida timestamp, valor double not null, ID_CARRO bigint, primary key (id))
Hibernate: create table RegistroMoto (id bigint not null, fechaEntrada timestamp, fechaSalida timestamp, valor double not null, ID_MOTO bigint, primary key (id))
Hibernate: alter table RegistroCarro add constraint FK166r5ttf1ntgejsgd0pmgnppg foreign key (ID_CARRO) references Carro
Hibernate: alter table RegistroMoto add constraint FKneu4r7skqkfbh4g2lbu3rg5nf foreign key (ID_MOTO) references Moto
Hibernate: select registromo0_.id as id1_3_, registromo0_.fechaEntrada as fechaEnt2_3_, registromo0_.fechaSalida as fechaSal3_3_, registromo0_.ID_MOTO as ID_MOTO5_3_, registromo0_.valor as valor4_3_ from RegistroMoto registromo0_ cross join Moto motoentity3_ where registromo0_.ID_MOTO=motoentity3_.id and registromo0_.fechaEntrada=(select max(registromo1_.fechaEntrada) from RegistroMoto registromo1_ cross join Moto motoentity2_ where registromo1_.ID_MOTO=motoentity2_.id and motoentity2_.placa=?) and motoentity3_.placa=?
Vigilante revisa carro
Vigilante dice todo esta bien
Hibernate: call next value for hibernate_sequence
Hibernate: insert into Moto (cilindraje, placa, id) values (?, ?, ?)
Hibernate: select motoentity0_.id as id1_1_, motoentity0_.cilindraje as cilindra2_1_, motoentity0_.placa as placa3_1_ from Moto motoentity0_ where motoentity0_.placa=?
Hibernate: call next value for hibernate_sequence
Hibernate: insert into RegistroMoto (fechaEntrada, fechaSalida, ID_MOTO, valor, id) values (?, ?, ?, ?, ?)
Hibernate: select registromo0_.id as id1_3_, registromo0_.fechaEntrada as fechaEnt2_3_, registromo0_.fechaSalida as fechaSal3_3_, registromo0_.ID_MOTO as ID_MOTO5_3_, registromo0_.valor as valor4_3_ from RegistroMoto registromo0_ cross join Moto motoentity3_ where registromo0_.ID_MOTO=motoentity3_.id and registromo0_.fechaEntrada=(select max(registromo1_.fechaEntrada) from RegistroMoto registromo1_ cross join Moto motoentity2_ where registromo1_.ID_MOTO=motoentity2_.id and motoentity2_.placa=?) and motoentity3_.placa=?
Hibernate: drop table Carro if exists
Hibernate: drop table Moto if exists
Hibernate: drop table RegistroCarro if exists
Hibernate: drop table RegistroMoto if exists
Hibernate: drop sequence if exists hibernate_sequence
Hibernate: create sequence hibernate_sequence start with 1 increment by 1
Hibernate: create table Carro (id bigint not null, placa varchar(255) not null, primary key (id))
Hibernate: create table Moto (id bigint not null, cilindraje double not null, placa varchar(255) not null, primary key (id))
Hibernate: create table RegistroCarro (id bigint not null, fechaEntrada timestamp, fechaSalida timestamp, valor double not null, ID_CARRO bigint, primary key (id))
Hibernate: create table RegistroMoto (id bigint not null, fechaEntrada timestamp, fechaSalida timestamp, valor double not null, ID_MOTO bigint, primary key (id))
Hibernate: alter table RegistroCarro add constraint FK166r5ttf1ntgejsgd0pmgnppg foreign key (ID_CARRO) references Carro
Hibernate: alter table RegistroMoto add constraint FKneu4r7skqkfbh4g2lbu3rg5nf foreign key (ID_MOTO) references Moto
Hibernate: select registroca0_.id as id1_2_, registroca0_.ID_CARRO as ID_CARRO5_2_, registroca0_.fechaEntrada as fechaEnt2_2_, registroca0_.fechaSalida as fechaSal3_2_, registroca0_.valor as valor4_2_ from RegistroCarro registroca0_ cross join Carro carroentit3_ where registroca0_.ID_CARRO=carroentit3_.id and registroca0_.fechaEntrada=(select max(registroca1_.fechaEntrada) from RegistroCarro registroca1_ cross join Carro carroentit2_ where registroca1_.ID_CARRO=carroentit2_.id and carroentit2_.placa=?) and carroentit3_.placa=?
Vigilante revisa carro
Vigilante dice todo esta bien
Hibernate: drop table Carro if exists
Hibernate: drop table Moto if exists
Hibernate: drop table RegistroCarro if exists
Hibernate: drop table RegistroMoto if exists
Hibernate: drop sequence if exists hibernate_sequence
Hibernate: create sequence hibernate_sequence start with 1 increment by 1
Hibernate: create table Carro (id bigint not null, placa varchar(255) not null, primary key (id))
Hibernate: create table Moto (id bigint not null, cilindraje double not null, placa varchar(255) not null, primary key (id))
Hibernate: create table RegistroCarro (id bigint not null, fechaEntrada timestamp, fechaSalida timestamp, valor double not null, ID_CARRO bigint, primary key (id))
Hibernate: create table RegistroMoto (id bigint not null, fechaEntrada timestamp, fechaSalida timestamp, valor double not null, ID_MOTO bigint, primary key (id))
Hibernate: alter table RegistroCarro add constraint FK166r5ttf1ntgejsgd0pmgnppg foreign key (ID_CARRO) references Carro
Hibernate: alter table RegistroMoto add constraint FKneu4r7skqkfbh4g2lbu3rg5nf foreign key (ID_MOTO) references Moto
Hibernate: select registromo0_.id as id1_3_, registromo0_.fechaEntrada as fechaEnt2_3_, registromo0_.fechaSalida as fechaSal3_3_, registromo0_.ID_MOTO as ID_MOTO5_3_, registromo0_.valor as valor4_3_ from RegistroMoto registromo0_ cross join Moto motoentity3_ where registromo0_.ID_MOTO=motoentity3_.id and registromo0_.fechaEntrada=(select max(registromo1_.fechaEntrada) from RegistroMoto registromo1_ cross join Moto motoentity2_ where registromo1_.ID_MOTO=motoentity2_.id and motoentity2_.placa=?) and motoentity3_.placa=?
Vigilante revisa carro
Vigilante dice todo esta bien
Hibernate: call next value for hibernate_sequence
Hibernate: insert into Moto (cilindraje, placa, id) values (?, ?, ?)
Hibernate: select motoentity0_.id as id1_1_, motoentity0_.cilindraje as cilindra2_1_, motoentity0_.placa as placa3_1_ from Moto motoentity0_ where motoentity0_.placa=?
Hibernate: call next value for hibernate_sequence
Hibernate: insert into RegistroMoto (fechaEntrada, fechaSalida, ID_MOTO, valor, id) values (?, ?, ?, ?, ?)
Hibernate: select registromo0_.id as id1_3_, registromo0_.fechaEntrada as fechaEnt2_3_, registromo0_.fechaSalida as fechaSal3_3_, registromo0_.ID_MOTO as ID_MOTO5_3_, registromo0_.valor as valor4_3_ from RegistroMoto registromo0_ cross join Moto motoentity3_ where registromo0_.ID_MOTO=motoentity3_.id and registromo0_.fechaEntrada=(select max(registromo1_.fechaEntrada) from RegistroMoto registromo1_ cross join Moto motoentity2_ where registromo1_.ID_MOTO=motoentity2_.id and motoentity2_.placa=?) and motoentity3_.placa=?
Hibernate: drop table Carro if exists
Hibernate: drop table Moto if exists
Hibernate: drop table RegistroCarro if exists
Hibernate: drop table RegistroMoto if exists
Hibernate: drop sequence if exists hibernate_sequence
Hibernate: create sequence hibernate_sequence start with 1 increment by 1
Hibernate: create table Carro (id bigint not null, placa varchar(255) not null, primary key (id))
Hibernate: create table Moto (id bigint not null, cilindraje double not null, placa varchar(255) not null, primary key (id))
Hibernate: create table RegistroCarro (id bigint not null, fechaEntrada timestamp, fechaSalida timestamp, valor double not null, ID_CARRO bigint, primary key (id))
Hibernate: create table RegistroMoto (id bigint not null, fechaEntrada timestamp, fechaSalida timestamp, valor double not null, ID_MOTO bigint, primary key (id))
Hibernate: alter table RegistroCarro add constraint FK166r5ttf1ntgejsgd0pmgnppg foreign key (ID_CARRO) references Carro
Hibernate: alter table RegistroMoto add constraint FKneu4r7skqkfbh4g2lbu3rg5nf foreign key (ID_MOTO) references Moto
Hibernate: select registromo0_.id as id1_3_, registromo0_.fechaEntrada as fechaEnt2_3_, registromo0_.fechaSalida as fechaSal3_3_, registromo0_.ID_MOTO as ID_MOTO5_3_, registromo0_.valor as valor4_3_ from RegistroMoto registromo0_ cross join Moto motoentity3_ where registromo0_.ID_MOTO=motoentity3_.id and registromo0_.fechaEntrada=(select max(registromo1_.fechaEntrada) from RegistroMoto registromo1_ cross join Moto motoentity2_ where registromo1_.ID_MOTO=motoentity2_.id and motoentity2_.placa=?) and motoentity3_.placa=?
Vigilante revisa carro
Vigilante dice todo esta bien
Hibernate: drop table Carro if exists
Hibernate: drop table Moto if exists
Hibernate: drop table RegistroCarro if exists
Hibernate: drop table RegistroMoto if exists
Hibernate: drop sequence if exists hibernate_sequence
Hibernate: create sequence hibernate_sequence start with 1 increment by 1
Hibernate: create table Carro (id bigint not null, placa varchar(255) not null, primary key (id))
Hibernate: create table Moto (id bigint not null, cilindraje double not null, placa varchar(255) not null, primary key (id))
Hibernate: create table RegistroCarro (id bigint not null, fechaEntrada timestamp, fechaSalida timestamp, valor double not null, ID_CARRO bigint, primary key (id))
Hibernate: create table RegistroMoto (id bigint not null, fechaEntrada timestamp, fechaSalida timestamp, valor double not null, ID_MOTO bigint, primary key (id))
Hibernate: alter table RegistroCarro add constraint FK166r5ttf1ntgejsgd0pmgnppg foreign key (ID_CARRO) references Carro
Hibernate: alter table RegistroMoto add constraint FKneu4r7skqkfbh4g2lbu3rg5nf foreign key (ID_MOTO) references Moto
Hibernate: select registroca0_.id as id1_2_, registroca0_.ID_CARRO as ID_CARRO5_2_, registroca0_.fechaEntrada as fechaEnt2_2_, registroca0_.fechaSalida as fechaSal3_2_, registroca0_.valor as valor4_2_ from RegistroCarro registroca0_ cross join Carro carroentit3_ where registroca0_.ID_CARRO=carroentit3_.id and registroca0_.fechaEntrada=(select max(registroca1_.fechaEntrada) from RegistroCarro registroca1_ cross join Carro carroentit2_ where registroca1_.ID_CARRO=carroentit2_.id and carroentit2_.placa=?) and carroentit3_.placa=?
Vigilante revisa carro
Vigilante dice todo esta bien
ACA!!!
A123
Hibernate: call next value for hibernate_sequence
SALIO
Hibernate: insert into Carro (placa, id) values (?, ?)
Hibernate: select carroentit0_.id as id1_0_, carroentit0_.placa as placa2_0_ from Carro carroentit0_ where carroentit0_.placa=?
Hibernate: call next value for hibernate_sequence
Hibernate: insert into RegistroCarro (ID_CARRO, fechaEntrada, fechaSalida, valor, id) values (?, ?, ?, ?, ?)
Hibernate: select registroca0_.id as id1_2_, registroca0_.ID_CARRO as ID_CARRO5_2_, registroca0_.fechaEntrada as fechaEnt2_2_, registroca0_.fechaSalida as fechaSal3_2_, registroca0_.valor as valor4_2_ from RegistroCarro registroca0_ cross join Carro carroentit3_ where registroca0_.ID_CARRO=carroentit3_.id and registroca0_.fechaEntrada=(select max(registroca1_.fechaEntrada) from RegistroCarro registroca1_ cross join Carro carroentit2_ where registroca1_.ID_CARRO=carroentit2_.id and carroentit2_.placa=?) and carroentit3_.placa=?
Hibernate: drop table Carro if exists
Hibernate: drop table Moto if exists
Hibernate: drop table RegistroCarro if exists
Hibernate: drop table RegistroMoto if exists
Hibernate: drop sequence if exists hibernate_sequence
Hibernate: create sequence hibernate_sequence start with 1 increment by 1
Hibernate: create table Carro (id bigint not null, placa varchar(255) not null, primary key (id))
Hibernate: create table Moto (id bigint not null, cilindraje double not null, placa varchar(255) not null, primary key (id))
Hibernate: create table RegistroCarro (id bigint not null, fechaEntrada timestamp, fechaSalida timestamp, valor double not null, ID_CARRO bigint, primary key (id))
Hibernate: create table RegistroMoto (id bigint not null, fechaEntrada timestamp, fechaSalida timestamp, valor double not null, ID_MOTO bigint, primary key (id))
Hibernate: alter table RegistroCarro add constraint FK166r5ttf1ntgejsgd0pmgnppg foreign key (ID_CARRO) references Carro
Hibernate: alter table RegistroMoto add constraint FKneu4r7skqkfbh4g2lbu3rg5nf foreign key (ID_MOTO) references Moto
Hibernate: select registroca0_.id as id1_2_, registroca0_.ID_CARRO as ID_CARRO5_2_, registroca0_.fechaEntrada as fechaEnt2_2_, registroca0_.fechaSalida as fechaSal3_2_, registroca0_.valor as valor4_2_ from RegistroCarro registroca0_ cross join Carro carroentit3_ where registroca0_.ID_CARRO=carroentit3_.id and registroca0_.fechaEntrada=(select max(registroca1_.fechaEntrada) from RegistroCarro registroca1_ cross join Carro carroentit2_ where registroca1_.ID_CARRO=carroentit2_.id and carroentit2_.placa=?) and carroentit3_.placa=?
Vigilante revisa carro
Vigilante dice todo esta bien
ACA!!!
123
Hibernate: call next value for hibernate_sequence
SALIO
Hibernate: insert into Carro (placa, id) values (?, ?)
Hibernate: select carroentit0_.id as id1_0_, carroentit0_.placa as placa2_0_ from Carro carroentit0_ where carroentit0_.placa=?
Hibernate: call next value for hibernate_sequence
Hibernate: insert into RegistroCarro (ID_CARRO, fechaEntrada, fechaSalida, valor, id) values (?, ?, ?, ?, ?)
Hibernate: select registroca0_.id as id1_2_, registroca0_.ID_CARRO as ID_CARRO5_2_, registroca0_.fechaEntrada as fechaEnt2_2_, registroca0_.fechaSalida as fechaSal3_2_, registroca0_.valor as valor4_2_ from RegistroCarro registroca0_ cross join Carro carroentit3_ where registroca0_.ID_CARRO=carroentit3_.id and registroca0_.fechaEntrada=(select max(registroca1_.fechaEntrada) from RegistroCarro registroca1_ cross join Carro carroentit2_ where registroca1_.ID_CARRO=carroentit2_.id and carroentit2_.placa=?) and carroentit3_.placa=?
Hibernate: drop table Carro if exists
Hibernate: drop table Moto if exists
Hibernate: drop table RegistroCarro if exists
Hibernate: drop table RegistroMoto if exists
Hibernate: drop sequence if exists hibernate_sequence
Hibernate: create sequence hibernate_sequence start with 1 increment by 1
Hibernate: create table Carro (id bigint not null, placa varchar(255) not null, primary key (id))
Hibernate: create table Moto (id bigint not null, cilindraje double not null, placa varchar(255) not null, primary key (id))
Hibernate: create table RegistroCarro (id bigint not null, fechaEntrada timestamp, fechaSalida timestamp, valor double not null, ID_CARRO bigint, primary key (id))
Hibernate: create table RegistroMoto (id bigint not null, fechaEntrada timestamp, fechaSalida timestamp, valor double not null, ID_MOTO bigint, primary key (id))
Hibernate: alter table RegistroCarro add constraint FK166r5ttf1ntgejsgd0pmgnppg foreign key (ID_CARRO) references Carro
Hibernate: alter table RegistroMoto add constraint FKneu4r7skqkfbh4g2lbu3rg5nf foreign key (ID_MOTO) references Moto
Hibernate: select registroca0_.id as id1_2_, registroca0_.ID_CARRO as ID_CARRO5_2_, registroca0_.fechaEntrada as fechaEnt2_2_, registroca0_.fechaSalida as fechaSal3_2_, registroca0_.valor as valor4_2_ from RegistroCarro registroca0_ cross join Carro carroentit3_ where registroca0_.ID_CARRO=carroentit3_.id and registroca0_.fechaEntrada=(select max(registroca1_.fechaEntrada) from RegistroCarro registroca1_ cross join Carro carroentit2_ where registroca1_.ID_CARRO=carroentit2_.id and carroentit2_.placa=?) and carroentit3_.placa=?
Vigilante revisa carro
Vigilante dice todo esta bien
ACA!!!
123
Hibernate: call next value for hibernate_sequence
SALIO
Hibernate: insert into Carro (placa, id) values (?, ?)
Hibernate: select carroentit0_.id as id1_0_, carroentit0_.placa as placa2_0_ from Carro carroentit0_ where carroentit0_.placa=?
Hibernate: call next value for hibernate_sequence
Hibernate: insert into RegistroCarro (ID_CARRO, fechaEntrada, fechaSalida, valor, id) values (?, ?, ?, ?, ?)
Hibernate: select registroca0_.id as id1_2_, registroca0_.ID_CARRO as ID_CARRO5_2_, registroca0_.fechaEntrada as fechaEnt2_2_, registroca0_.fechaSalida as fechaSal3_2_, registroca0_.valor as valor4_2_ from RegistroCarro registroca0_ cross join Carro carroentit3_ where registroca0_.ID_CARRO=carroentit3_.id and registroca0_.fechaEntrada=(select max(registroca1_.fechaEntrada) from RegistroCarro registroca1_ cross join Carro carroentit2_ where registroca1_.ID_CARRO=carroentit2_.id and carroentit2_.placa=?) and carroentit3_.placa=?
Vigilante revisa carro
Vigilante dice todo esta bien
Hibernate: select registroca0_.id as id1_2_, registroca0_.ID_CARRO as ID_CARRO5_2_, registroca0_.fechaEntrada as fechaEnt2_2_, registroca0_.fechaSalida as fechaSal3_2_, registroca0_.valor as valor4_2_ from RegistroCarro registroca0_ cross join Carro carroentit3_ where registroca0_.ID_CARRO=carroentit3_.id and registroca0_.fechaEntrada=(select max(registroca1_.fechaEntrada) from RegistroCarro registroca1_ cross join Carro carroentit2_ where registroca1_.ID_CARRO=carroentit2_.id and carroentit2_.placa=?) and carroentit3_.placa=?
Hibernate: select registroca0_.id as id1_2_, registroca0_.ID_CARRO as ID_CARRO5_2_, registroca0_.fechaEntrada as fechaEnt2_2_, registroca0_.fechaSalida as fechaSal3_2_, registroca0_.valor as valor4_2_ from RegistroCarro registroca0_ cross join Carro carroentit3_ where registroca0_.ID_CARRO=carroentit3_.id and registroca0_.fechaEntrada=(select max(registroca1_.fechaEntrada) from RegistroCarro registroca1_ cross join Carro carroentit2_ where registroca1_.ID_CARRO=carroentit2_.id and carroentit2_.placa=?) and carroentit3_.placa=?
Hibernate: update RegistroCarro set ID_CARRO=?, fechaEntrada=?, fechaSalida=?, valor=? where id=?
Hibernate: select registroca0_.id as id1_2_, registroca0_.ID_CARRO as ID_CARRO5_2_, registroca0_.fechaEntrada as fechaEnt2_2_, registroca0_.fechaSalida as fechaSal3_2_, registroca0_.valor as valor4_2_ from RegistroCarro registroca0_ cross join Carro carroentit3_ where registroca0_.ID_CARRO=carroentit3_.id and registroca0_.fechaEntrada=(select max(registroca1_.fechaEntrada) from RegistroCarro registroca1_ cross join Carro carroentit2_ where registroca1_.ID_CARRO=carroentit2_.id and carroentit2_.placa=?) and carroentit3_.placa=?
Hibernate: drop table Carro if exists
Hibernate: drop table Moto if exists
Hibernate: drop table RegistroCarro if exists
Hibernate: drop table RegistroMoto if exists
Hibernate: drop sequence if exists hibernate_sequence
Hibernate: create sequence hibernate_sequence start with 1 increment by 1
Hibernate: create table Carro (id bigint not null, placa varchar(255) not null, primary key (id))
Hibernate: create table Moto (id bigint not null, cilindraje double not null, placa varchar(255) not null, primary key (id))
Hibernate: create table RegistroCarro (id bigint not null, fechaEntrada timestamp, fechaSalida timestamp, valor double not null, ID_CARRO bigint, primary key (id))
Hibernate: create table RegistroMoto (id bigint not null, fechaEntrada timestamp, fechaSalida timestamp, valor double not null, ID_MOTO bigint, primary key (id))
Hibernate: alter table RegistroCarro add constraint FK166r5ttf1ntgejsgd0pmgnppg foreign key (ID_CARRO) references Carro
Hibernate: alter table RegistroMoto add constraint FKneu4r7skqkfbh4g2lbu3rg5nf foreign key (ID_MOTO) references Moto
Hibernate: select registroca0_.id as id1_2_, registroca0_.ID_CARRO as ID_CARRO5_2_, registroca0_.fechaEntrada as fechaEnt2_2_, registroca0_.fechaSalida as fechaSal3_2_, registroca0_.valor as valor4_2_ from RegistroCarro registroca0_ cross join Carro carroentit3_ where registroca0_.ID_CARRO=carroentit3_.id and registroca0_.fechaEntrada=(select max(registroca1_.fechaEntrada) from RegistroCarro registroca1_ cross join Carro carroentit2_ where registroca1_.ID_CARRO=carroentit2_.id and carroentit2_.placa=?) and carroentit3_.placa=?
Vigilante revisa carro
Vigilante dice todo esta bien
ACA!!!
123
Hibernate: call next value for hibernate_sequence
SALIO
Hibernate: insert into Carro (placa, id) values (?, ?)
Hibernate: select carroentit0_.id as id1_0_, carroentit0_.placa as placa2_0_ from Carro carroentit0_ where carroentit0_.placa=?
Hibernate: call next value for hibernate_sequence
Hibernate: insert into RegistroCarro (ID_CARRO, fechaEntrada, fechaSalida, valor, id) values (?, ?, ?, ?, ?)
Hibernate: select registroca0_.id as id1_2_, registroca0_.ID_CARRO as ID_CARRO5_2_, registroca0_.fechaEntrada as fechaEnt2_2_, registroca0_.fechaSalida as fechaSal3_2_, registroca0_.valor as valor4_2_ from RegistroCarro registroca0_ cross join Carro carroentit3_ where registroca0_.ID_CARRO=carroentit3_.id and registroca0_.fechaEntrada=(select max(registroca1_.fechaEntrada) from RegistroCarro registroca1_ cross join Carro carroentit2_ where registroca1_.ID_CARRO=carroentit2_.id and carroentit2_.placa=?) and carroentit3_.placa=?
Hibernate: drop table Carro if exists
Hibernate: drop table Moto if exists
Hibernate: drop table RegistroCarro if exists
Hibernate: drop table RegistroMoto if exists
Hibernate: drop sequence if exists hibernate_sequence
Hibernate: create sequence hibernate_sequence start with 1 increment by 1
Hibernate: create table Carro (id bigint not null, placa varchar(255) not null, primary key (id))
Hibernate: create table Moto (id bigint not null, cilindraje double not null, placa varchar(255) not null, primary key (id))
Hibernate: create table RegistroCarro (id bigint not null, fechaEntrada timestamp, fechaSalida timestamp, valor double not null, ID_CARRO bigint, primary key (id))
Hibernate: create table RegistroMoto (id bigint not null, fechaEntrada timestamp, fechaSalida timestamp, valor double not null, ID_MOTO bigint, primary key (id))
Hibernate: alter table RegistroCarro add constraint FK166r5ttf1ntgejsgd0pmgnppg foreign key (ID_CARRO) references Carro
Hibernate: alter table RegistroMoto add constraint FKneu4r7skqkfbh4g2lbu3rg5nf foreign key (ID_MOTO) references Moto
Hibernate: select registroca0_.id as id1_2_, registroca0_.ID_CARRO as ID_CARRO5_2_, registroca0_.fechaEntrada as fechaEnt2_2_, registroca0_.fechaSalida as fechaSal3_2_, registroca0_.valor as valor4_2_ from RegistroCarro registroca0_ cross join Carro carroentit3_ where registroca0_.ID_CARRO=carroentit3_.id and registroca0_.fechaEntrada=(select max(registroca1_.fechaEntrada) from RegistroCarro registroca1_ cross join Carro carroentit2_ where registroca1_.ID_CARRO=carroentit2_.id and carroentit2_.placa=?) and carroentit3_.placa=?
Vigilante revisa carro
Vigilante dice todo esta bien
ACA!!!
123
Hibernate: call next value for hibernate_sequence
SALIO
Hibernate: insert into Carro (placa, id) values (?, ?)
Hibernate: select carroentit0_.id as id1_0_, carroentit0_.placa as placa2_0_ from Carro carroentit0_ where carroentit0_.placa=?
Hibernate: call next value for hibernate_sequence
Hibernate: insert into RegistroCarro (ID_CARRO, fechaEntrada, fechaSalida, valor, id) values (?, ?, ?, ?, ?)
Hibernate: select registroca0_.id as id1_2_, registroca0_.ID_CARRO as ID_CARRO5_2_, registroca0_.fechaEntrada as fechaEnt2_2_, registroca0_.fechaSalida as fechaSal3_2_, registroca0_.valor as valor4_2_ from RegistroCarro registroca0_ cross join Carro carroentit3_ where registroca0_.ID_CARRO=carroentit3_.id and registroca0_.fechaEntrada=(select max(registroca1_.fechaEntrada) from RegistroCarro registroca1_ cross join Carro carroentit2_ where registroca1_.ID_CARRO=carroentit2_.id and carroentit2_.placa=?) and carroentit3_.placa=?
Vigilante revisa carro
Vigilante dice todo esta bien
Hibernate: select registroca0_.id as id1_2_, registroca0_.ID_CARRO as ID_CARRO5_2_, registroca0_.fechaEntrada as fechaEnt2_2_, registroca0_.fechaSalida as fechaSal3_2_, registroca0_.valor as valor4_2_ from RegistroCarro registroca0_ cross join Carro carroentit3_ where registroca0_.ID_CARRO=carroentit3_.id and registroca0_.fechaEntrada=(select max(registroca1_.fechaEntrada) from RegistroCarro registroca1_ cross join Carro carroentit2_ where registroca1_.ID_CARRO=carroentit2_.id and carroentit2_.placa=?) and carroentit3_.placa=?
Hibernate: select registroca0_.id as id1_2_, registroca0_.ID_CARRO as ID_CARRO5_2_, registroca0_.fechaEntrada as fechaEnt2_2_, registroca0_.fechaSalida as fechaSal3_2_, registroca0_.valor as valor4_2_ from RegistroCarro registroca0_ cross join Carro carroentit3_ where registroca0_.ID_CARRO=carroentit3_.id and registroca0_.fechaEntrada=(select max(registroca1_.fechaEntrada) from RegistroCarro registroca1_ cross join Carro carroentit2_ where registroca1_.ID_CARRO=carroentit2_.id and carroentit2_.placa=?) and carroentit3_.placa=?
Hibernate: update RegistroCarro set ID_CARRO=?, fechaEntrada=?, fechaSalida=?, valor=? where id=?
Hibernate: select registroca0_.id as id1_2_, registroca0_.ID_CARRO as ID_CARRO5_2_, registroca0_.fechaEntrada as fechaEnt2_2_, registroca0_.fechaSalida as fechaSal3_2_, registroca0_.valor as valor4_2_ from RegistroCarro registroca0_ cross join Carro carroentit3_ where registroca0_.ID_CARRO=carroentit3_.id and registroca0_.fechaEntrada=(select max(registroca1_.fechaEntrada) from RegistroCarro registroca1_ cross join Carro carroentit2_ where registroca1_.ID_CARRO=carroentit2_.id and carroentit2_.placa=?) and carroentit3_.placa=?
Hibernate: drop table Carro if exists
Hibernate: drop table Moto if exists
Hibernate: drop table RegistroCarro if exists
Hibernate: drop table RegistroMoto if exists
Hibernate: drop sequence if exists hibernate_sequence
Hibernate: create sequence hibernate_sequence start with 1 increment by 1
Hibernate: create table Carro (id bigint not null, placa varchar(255) not null, primary key (id))
Hibernate: create table Moto (id bigint not null, cilindraje double not null, placa varchar(255) not null, primary key (id))
Hibernate: create table RegistroCarro (id bigint not null, fechaEntrada timestamp, fechaSalida timestamp, valor double not null, ID_CARRO bigint, primary key (id))
Hibernate: create table RegistroMoto (id bigint not null, fechaEntrada timestamp, fechaSalida timestamp, valor double not null, ID_MOTO bigint, primary key (id))
Hibernate: alter table RegistroCarro add constraint FK166r5ttf1ntgejsgd0pmgnppg foreign key (ID_CARRO) references Carro
Hibernate: alter table RegistroMoto add constraint FKneu4r7skqkfbh4g2lbu3rg5nf foreign key (ID_MOTO) references Moto
Hibernate: select registromo0_.id as id1_3_, registromo0_.fechaEntrada as fechaEnt2_3_, registromo0_.fechaSalida as fechaSal3_3_, registromo0_.ID_MOTO as ID_MOTO5_3_, registromo0_.valor as valor4_3_ from RegistroMoto registromo0_ cross join Moto motoentity3_ where registromo0_.ID_MOTO=motoentity3_.id and registromo0_.fechaEntrada=(select max(registromo1_.fechaEntrada) from RegistroMoto registromo1_ cross join Moto motoentity2_ where registromo1_.ID_MOTO=motoentity2_.id and motoentity2_.placa=?) and motoentity3_.placa=?
Vigilante revisa carro
Vigilante dice todo esta bien
Hibernate: call next value for hibernate_sequence
Hibernate: insert into Moto (cilindraje, placa, id) values (?, ?, ?)
Hibernate: select motoentity0_.id as id1_1_, motoentity0_.cilindraje as cilindra2_1_, motoentity0_.placa as placa3_1_ from Moto motoentity0_ where motoentity0_.placa=?
Hibernate: call next value for hibernate_sequence
Hibernate: insert into RegistroMoto (fechaEntrada, fechaSalida, ID_MOTO, valor, id) values (?, ?, ?, ?, ?)
Hibernate: select registromo0_.id as id1_3_, registromo0_.fechaEntrada as fechaEnt2_3_, registromo0_.fechaSalida as fechaSal3_3_, registromo0_.ID_MOTO as ID_MOTO5_3_, registromo0_.valor as valor4_3_ from RegistroMoto registromo0_ cross join Moto motoentity3_ where registromo0_.ID_MOTO=motoentity3_.id and registromo0_.fechaEntrada=(select max(registromo1_.fechaEntrada) from RegistroMoto registromo1_ cross join Moto motoentity2_ where registromo1_.ID_MOTO=motoentity2_.id and motoentity2_.placa=?) and motoentity3_.placa=?
Hibernate: drop table Carro if exists
Hibernate: drop table Moto if exists
Hibernate: drop table RegistroCarro if exists
Hibernate: drop table RegistroMoto if exists
Hibernate: drop sequence if exists hibernate_sequence
Hibernate: create sequence hibernate_sequence start with 1 increment by 1
Hibernate: create table Carro (id bigint not null, placa varchar(255) not null, primary key (id))
Hibernate: create table Moto (id bigint not null, cilindraje double not null, placa varchar(255) not null, primary key (id))
Hibernate: create table RegistroCarro (id bigint not null, fechaEntrada timestamp, fechaSalida timestamp, valor double not null, ID_CARRO bigint, primary key (id))
Hibernate: create table RegistroMoto (id bigint not null, fechaEntrada timestamp, fechaSalida timestamp, valor double not null, ID_MOTO bigint, primary key (id))
Hibernate: alter table RegistroCarro add constraint FK166r5ttf1ntgejsgd0pmgnppg foreign key (ID_CARRO) references Carro
Hibernate: alter table RegistroMoto add constraint FKneu4r7skqkfbh4g2lbu3rg5nf foreign key (ID_MOTO) references Moto
Hibernate: select registromo0_.id as id1_3_, registromo0_.fechaEntrada as fechaEnt2_3_, registromo0_.fechaSalida as fechaSal3_3_, registromo0_.ID_MOTO as ID_MOTO5_3_, registromo0_.valor as valor4_3_ from RegistroMoto registromo0_ cross join Moto motoentity3_ where registromo0_.ID_MOTO=motoentity3_.id and registromo0_.fechaEntrada=(select max(registromo1_.fechaEntrada) from RegistroMoto registromo1_ cross join Moto motoentity2_ where registromo1_.ID_MOTO=motoentity2_.id and motoentity2_.placa=?) and motoentity3_.placa=?
Vigilante revisa carro
Vigilante dice todo esta bien
Hibernate: call next value for hibernate_sequence
Hibernate: insert into Moto (cilindraje, placa, id) values (?, ?, ?)
Hibernate: select motoentity0_.id as id1_1_, motoentity0_.cilindraje as cilindra2_1_, motoentity0_.placa as placa3_1_ from Moto motoentity0_ where motoentity0_.placa=?
Hibernate: call next value for hibernate_sequence
Hibernate: insert into RegistroMoto (fechaEntrada, fechaSalida, ID_MOTO, valor, id) values (?, ?, ?, ?, ?)
Hibernate: select registromo0_.id as id1_3_, registromo0_.fechaEntrada as fechaEnt2_3_, registromo0_.fechaSalida as fechaSal3_3_, registromo0_.ID_MOTO as ID_MOTO5_3_, registromo0_.valor as valor4_3_ from RegistroMoto registromo0_ cross join Moto motoentity3_ where registromo0_.ID_MOTO=motoentity3_.id and registromo0_.fechaEntrada=(select max(registromo1_.fechaEntrada) from RegistroMoto registromo1_ cross join Moto motoentity2_ where registromo1_.ID_MOTO=motoentity2_.id and motoentity2_.placa=?) and motoentity3_.placa=?
Vigilante revisa carro
Vigilante dice todo esta bien
Hibernate: call next value for hibernate_sequence
Hibernate: insert into Moto (cilindraje, placa, id) values (?, ?, ?)
Hibernate: select motoentity0_.id as id1_1_, motoentity0_.cilindraje as cilindra2_1_, motoentity0_.placa as placa3_1_ from Moto motoentity0_ where motoentity0_.placa=?
Hibernate: call next value for hibernate_sequence
Hibernate: insert into RegistroMoto (fechaEntrada, fechaSalida, ID_MOTO, valor, id) values (?, ?, ?, ?, ?)
Hibernate: select registromo0_.id as id1_3_, registromo0_.fechaEntrada as fechaEnt2_3_, registromo0_.fechaSalida as fechaSal3_3_, registromo0_.ID_MOTO as ID_MOTO5_3_, registromo0_.valor as valor4_3_ from RegistroMoto registromo0_ cross join Moto motoentity3_ where registromo0_.ID_MOTO=motoentity3_.id and registromo0_.fechaEntrada=(select max(registromo1_.fechaEntrada) from RegistroMoto registromo1_ cross join Moto motoentity2_ where registromo1_.ID_MOTO=motoentity2_.id and motoentity2_.placa=?) and motoentity3_.placa=?
Vigilante revisa carro
Vigilante dice todo esta bien
Hibernate: call next value for hibernate_sequence
Hibernate: insert into Moto (cilindraje, placa, id) values (?, ?, ?)
Hibernate: select motoentity0_.id as id1_1_, motoentity0_.cilindraje as cilindra2_1_, motoentity0_.placa as placa3_1_ from Moto motoentity0_ where motoentity0_.placa=?
Hibernate: call next value for hibernate_sequence
Hibernate: insert into RegistroMoto (fechaEntrada, fechaSalida, ID_MOTO, valor, id) values (?, ?, ?, ?, ?)
Hibernate: select registromo0_.id as id1_3_, registromo0_.fechaEntrada as fechaEnt2_3_, registromo0_.fechaSalida as fechaSal3_3_, registromo0_.ID_MOTO as ID_MOTO5_3_, registromo0_.valor as valor4_3_ from RegistroMoto registromo0_ cross join Moto motoentity3_ where registromo0_.ID_MOTO=motoentity3_.id and registromo0_.fechaEntrada=(select max(registromo1_.fechaEntrada) from RegistroMoto registromo1_ cross join Moto motoentity2_ where registromo1_.ID_MOTO=motoentity2_.id and motoentity2_.placa=?) and motoentity3_.placa=?
Vigilante revisa carro
Vigilante dice todo esta bien
Hibernate: call next value for hibernate_sequence
Hibernate: insert into Moto (cilindraje, placa, id) values (?, ?, ?)
Hibernate: select motoentity0_.id as id1_1_, motoentity0_.cilindraje as cilindra2_1_, motoentity0_.placa as placa3_1_ from Moto motoentity0_ where motoentity0_.placa=?
Hibernate: call next value for hibernate_sequence
Hibernate: insert into RegistroMoto (fechaEntrada, fechaSalida, ID_MOTO, valor, id) values (?, ?, ?, ?, ?)
Hibernate: select registromo0_.id as id1_3_, registromo0_.fechaEntrada as fechaEnt2_3_, registromo0_.fechaSalida as fechaSal3_3_, registromo0_.ID_MOTO as ID_MOTO5_3_, registromo0_.valor as valor4_3_ from RegistroMoto registromo0_ cross join Moto motoentity3_ where registromo0_.ID_MOTO=motoentity3_.id and registromo0_.fechaEntrada=(select max(registromo1_.fechaEntrada) from RegistroMoto registromo1_ cross join Moto motoentity2_ where registromo1_.ID_MOTO=motoentity2_.id and motoentity2_.placa=?) and motoentity3_.placa=?
Vigilante revisa carro
Vigilante dice todo esta bien
Hibernate: call next value for hibernate_sequence
Hibernate: insert into Moto (cilindraje, placa, id) values (?, ?, ?)
Hibernate: select motoentity0_.id as id1_1_, motoentity0_.cilindraje as cilindra2_1_, motoentity0_.placa as placa3_1_ from Moto motoentity0_ where motoentity0_.placa=?
Hibernate: call next value for hibernate_sequence
Hibernate: insert into RegistroMoto (fechaEntrada, fechaSalida, ID_MOTO, valor, id) values (?, ?, ?, ?, ?)
Hibernate: select registromo0_.id as id1_3_, registromo0_.fechaEntrada as fechaEnt2_3_, registromo0_.fechaSalida as fechaSal3_3_, registromo0_.ID_MOTO as ID_MOTO5_3_, registromo0_.valor as valor4_3_ from RegistroMoto registromo0_ cross join Moto motoentity3_ where registromo0_.ID_MOTO=motoentity3_.id and registromo0_.fechaEntrada=(select max(registromo1_.fechaEntrada) from RegistroMoto registromo1_ cross join Moto motoentity2_ where registromo1_.ID_MOTO=motoentity2_.id and motoentity2_.placa=?) and motoentity3_.placa=?
Vigilante revisa carro
Vigilante dice todo esta bien
Hibernate: call next value for hibernate_sequence
Hibernate: insert into Moto (cilindraje, placa, id) values (?, ?, ?)
Hibernate: select motoentity0_.id as id1_1_, motoentity0_.cilindraje as cilindra2_1_, motoentity0_.placa as placa3_1_ from Moto motoentity0_ where motoentity0_.placa=?
Hibernate: call next value for hibernate_sequence
Hibernate: insert into RegistroMoto (fechaEntrada, fechaSalida, ID_MOTO, valor, id) values (?, ?, ?, ?, ?)
Hibernate: select registromo0_.id as id1_3_, registromo0_.fechaEntrada as fechaEnt2_3_, registromo0_.fechaSalida as fechaSal3_3_, registromo0_.ID_MOTO as ID_MOTO5_3_, registromo0_.valor as valor4_3_ from RegistroMoto registromo0_ cross join Moto motoentity3_ where registromo0_.ID_MOTO=motoentity3_.id and registromo0_.fechaEntrada=(select max(registromo1_.fechaEntrada) from RegistroMoto registromo1_ cross join Moto motoentity2_ where registromo1_.ID_MOTO=motoentity2_.id and motoentity2_.placa=?) and motoentity3_.placa=?
Vigilante revisa carro
Vigilante dice todo esta bien
Hibernate: call next value for hibernate_sequence
Hibernate: insert into Moto (cilindraje, placa, id) values (?, ?, ?)
Hibernate: select motoentity0_.id as id1_1_, motoentity0_.cilindraje as cilindra2_1_, motoentity0_.placa as placa3_1_ from Moto motoentity0_ where motoentity0_.placa=?
Hibernate: call next value for hibernate_sequence
Hibernate: insert into RegistroMoto (fechaEntrada, fechaSalida, ID_MOTO, valor, id) values (?, ?, ?, ?, ?)
Hibernate: select registromo0_.id as id1_3_, registromo0_.fechaEntrada as fechaEnt2_3_, registromo0_.fechaSalida as fechaSal3_3_, registromo0_.ID_MOTO as ID_MOTO5_3_, registromo0_.valor as valor4_3_ from RegistroMoto registromo0_ cross join Moto motoentity3_ where registromo0_.ID_MOTO=motoentity3_.id and registromo0_.fechaEntrada=(select max(registromo1_.fechaEntrada) from RegistroMoto registromo1_ cross join Moto motoentity2_ where registromo1_.ID_MOTO=motoentity2_.id and motoentity2_.placa=?) and motoentity3_.placa=?
Vigilante revisa carro
Vigilante dice todo esta bien
Hibernate: call next value for hibernate_sequence
Hibernate: insert into Moto (cilindraje, placa, id) values (?, ?, ?)
Hibernate: select motoentity0_.id as id1_1_, motoentity0_.cilindraje as cilindra2_1_, motoentity0_.placa as placa3_1_ from Moto motoentity0_ where motoentity0_.placa=?
Hibernate: call next value for hibernate_sequence
Hibernate: insert into RegistroMoto (fechaEntrada, fechaSalida, ID_MOTO, valor, id) values (?, ?, ?, ?, ?)
Hibernate: select registromo0_.id as id1_3_, registromo0_.fechaEntrada as fechaEnt2_3_, registromo0_.fechaSalida as fechaSal3_3_, registromo0_.ID_MOTO as ID_MOTO5_3_, registromo0_.valor as valor4_3_ from RegistroMoto registromo0_ cross join Moto motoentity3_ where registromo0_.ID_MOTO=motoentity3_.id and registromo0_.fechaEntrada=(select max(registromo1_.fechaEntrada) from RegistroMoto registromo1_ cross join Moto motoentity2_ where registromo1_.ID_MOTO=motoentity2_.id and motoentity2_.placa=?) and motoentity3_.placa=?
Vigilante revisa carro
Vigilante dice todo esta bien
Hibernate: call next value for hibernate_sequence
Hibernate: insert into Moto (cilindraje, placa, id) values (?, ?, ?)
Hibernate: select motoentity0_.id as id1_1_, motoentity0_.cilindraje as cilindra2_1_, motoentity0_.placa as placa3_1_ from Moto motoentity0_ where motoentity0_.placa=?
Hibernate: call next value for hibernate_sequence
Hibernate: insert into RegistroMoto (fechaEntrada, fechaSalida, ID_MOTO, valor, id) values (?, ?, ?, ?, ?)
Hibernate: select registromo0_.id as id1_3_, registromo0_.fechaEntrada as fechaEnt2_3_, registromo0_.fechaSalida as fechaSal3_3_, registromo0_.ID_MOTO as ID_MOTO5_3_, registromo0_.valor as valor4_3_ from RegistroMoto registromo0_ cross join Moto motoentity3_ where registromo0_.ID_MOTO=motoentity3_.id and registromo0_.fechaEntrada=(select max(registromo1_.fechaEntrada) from RegistroMoto registromo1_ cross join Moto motoentity2_ where registromo1_.ID_MOTO=motoentity2_.id and motoentity2_.placa=?) and motoentity3_.placa=?
Vigilante revisa carro
Vigilante dice todo esta bien
Hibernate: call next value for hibernate_sequence
Hibernate: insert into Moto (cilindraje, placa, id) values (?, ?, ?)
Hibernate: select motoentity0_.id as id1_1_, motoentity0_.cilindraje as cilindra2_1_, motoentity0_.placa as placa3_1_ from Moto motoentity0_ where motoentity0_.placa=?
Hibernate: call next value for hibernate_sequence
Hibernate: insert into RegistroMoto (fechaEntrada, fechaSalida, ID_MOTO, valor, id) values (?, ?, ?, ?, ?)
Hibernate: select registromo0_.id as id1_3_, registromo0_.fechaEntrada as fechaEnt2_3_, registromo0_.fechaSalida as fechaSal3_3_, registromo0_.ID_MOTO as ID_MOTO5_3_, registromo0_.valor as valor4_3_ from RegistroMoto registromo0_ cross join Moto motoentity3_ where registromo0_.ID_MOTO=motoentity3_.id and registromo0_.fechaEntrada=(select max(registromo1_.fechaEntrada) from RegistroMoto registromo1_ cross join Moto motoentity2_ where registromo1_.ID_MOTO=motoentity2_.id and motoentity2_.placa=?) and motoentity3_.placa=?
Hibernate: drop table Carro if exists
Hibernate: drop table Moto if exists
Hibernate: drop table RegistroCarro if exists
Hibernate: drop table RegistroMoto if exists
Hibernate: drop sequence if exists hibernate_sequence
Hibernate: create sequence hibernate_sequence start with 1 increment by 1
Hibernate: create table Carro (id bigint not null, placa varchar(255) not null, primary key (id))
Hibernate: create table Moto (id bigint not null, cilindraje double not null, placa varchar(255) not null, primary key (id))
Hibernate: create table RegistroCarro (id bigint not null, fechaEntrada timestamp, fechaSalida timestamp, valor double not null, ID_CARRO bigint, primary key (id))
Hibernate: create table RegistroMoto (id bigint not null, fechaEntrada timestamp, fechaSalida timestamp, valor double not null, ID_MOTO bigint, primary key (id))
Hibernate: alter table RegistroCarro add constraint FK166r5ttf1ntgejsgd0pmgnppg foreign key (ID_CARRO) references Carro
Hibernate: alter table RegistroMoto add constraint FKneu4r7skqkfbh4g2lbu3rg5nf foreign key (ID_MOTO) references Moto
Hibernate: select registroca0_.id as id1_2_, registroca0_.ID_CARRO as ID_CARRO5_2_, registroca0_.fechaEntrada as fechaEnt2_2_, registroca0_.fechaSalida as fechaSal3_2_, registroca0_.valor as valor4_2_ from RegistroCarro registroca0_ cross join Carro carroentit3_ where registroca0_.ID_CARRO=carroentit3_.id and registroca0_.fechaEntrada=(select max(registroca1_.fechaEntrada) from RegistroCarro registroca1_ cross join Carro carroentit2_ where registroca1_.ID_CARRO=carroentit2_.id and carroentit2_.placa=?) and carroentit3_.placa=?
Vigilante revisa carro
Vigilante dice todo esta bien
ACA!!!
1
Hibernate: call next value for hibernate_sequence
SALIO
Hibernate: insert into Carro (placa, id) values (?, ?)
Hibernate: select carroentit0_.id as id1_0_, carroentit0_.placa as placa2_0_ from Carro carroentit0_ where carroentit0_.placa=?
Hibernate: call next value for hibernate_sequence
Hibernate: insert into RegistroCarro (ID_CARRO, fechaEntrada, fechaSalida, valor, id) values (?, ?, ?, ?, ?)
Hibernate: select registroca0_.id as id1_2_, registroca0_.ID_CARRO as ID_CARRO5_2_, registroca0_.fechaEntrada as fechaEnt2_2_, registroca0_.fechaSalida as fechaSal3_2_, registroca0_.valor as valor4_2_ from RegistroCarro registroca0_ cross join Carro carroentit3_ where registroca0_.ID_CARRO=carroentit3_.id and registroca0_.fechaEntrada=(select max(registroca1_.fechaEntrada) from RegistroCarro registroca1_ cross join Carro carroentit2_ where registroca1_.ID_CARRO=carroentit2_.id and carroentit2_.placa=?) and carroentit3_.placa=?
Vigilante revisa carro
Vigilante dice todo esta bien
ACA!!!
2
Hibernate: call next value for hibernate_sequence
SALIO
Hibernate: insert into Carro (placa, id) values (?, ?)
Hibernate: select carroentit0_.id as id1_0_, carroentit0_.placa as placa2_0_ from Carro carroentit0_ where carroentit0_.placa=?
Hibernate: call next value for hibernate_sequence
Hibernate: insert into RegistroCarro (ID_CARRO, fechaEntrada, fechaSalida, valor, id) values (?, ?, ?, ?, ?)
Hibernate: select registroca0_.id as id1_2_, registroca0_.ID_CARRO as ID_CARRO5_2_, registroca0_.fechaEntrada as fechaEnt2_2_, registroca0_.fechaSalida as fechaSal3_2_, registroca0_.valor as valor4_2_ from RegistroCarro registroca0_ cross join Carro carroentit3_ where registroca0_.ID_CARRO=carroentit3_.id and registroca0_.fechaEntrada=(select max(registroca1_.fechaEntrada) from RegistroCarro registroca1_ cross join Carro carroentit2_ where registroca1_.ID_CARRO=carroentit2_.id and carroentit2_.placa=?) and carroentit3_.placa=?
Vigilante revisa carro
Vigilante dice todo esta bien
ACA!!!
3
Hibernate: call next value for hibernate_sequence
SALIO
Hibernate: insert into Carro (placa, id) values (?, ?)
Hibernate: select carroentit0_.id as id1_0_, carroentit0_.placa as placa2_0_ from Carro carroentit0_ where carroentit0_.placa=?
Hibernate: call next value for hibernate_sequence
Hibernate: insert into RegistroCarro (ID_CARRO, fechaEntrada, fechaSalida, valor, id) values (?, ?, ?, ?, ?)
Hibernate: select registroca0_.id as id1_2_, registroca0_.ID_CARRO as ID_CARRO5_2_, registroca0_.fechaEntrada as fechaEnt2_2_, registroca0_.fechaSalida as fechaSal3_2_, registroca0_.valor as valor4_2_ from RegistroCarro registroca0_ cross join Carro carroentit3_ where registroca0_.ID_CARRO=carroentit3_.id and registroca0_.fechaEntrada=(select max(registroca1_.fechaEntrada) from RegistroCarro registroca1_ cross join Carro carroentit2_ where registroca1_.ID_CARRO=carroentit2_.id and carroentit2_.placa=?) and carroentit3_.placa=?
Vigilante revisa carro
Vigilante dice todo esta bien
ACA!!!
4
Hibernate: call next value for hibernate_sequence
SALIO
Hibernate: insert into Carro (placa, id) values (?, ?)
Hibernate: select carroentit0_.id as id1_0_, carroentit0_.placa as placa2_0_ from Carro carroentit0_ where carroentit0_.placa=?
Hibernate: call next value for hibernate_sequence
Hibernate: insert into RegistroCarro (ID_CARRO, fechaEntrada, fechaSalida, valor, id) values (?, ?, ?, ?, ?)
Hibernate: select registroca0_.id as id1_2_, registroca0_.ID_CARRO as ID_CARRO5_2_, registroca0_.fechaEntrada as fechaEnt2_2_, registroca0_.fechaSalida as fechaSal3_2_, registroca0_.valor as valor4_2_ from RegistroCarro registroca0_ cross join Carro carroentit3_ where registroca0_.ID_CARRO=carroentit3_.id and registroca0_.fechaEntrada=(select max(registroca1_.fechaEntrada) from RegistroCarro registroca1_ cross join Carro carroentit2_ where registroca1_.ID_CARRO=carroentit2_.id and carroentit2_.placa=?) and carroentit3_.placa=?
Vigilante revisa carro
Vigilante dice todo esta bien
ACA!!!
5
Hibernate: call next value for hibernate_sequence
SALIO
Hibernate: insert into Carro (placa, id) values (?, ?)
Hibernate: select carroentit0_.id as id1_0_, carroentit0_.placa as placa2_0_ from Carro carroentit0_ where carroentit0_.placa=?
Hibernate: call next value for hibernate_sequence
Hibernate: insert into RegistroCarro (ID_CARRO, fechaEntrada, fechaSalida, valor, id) values (?, ?, ?, ?, ?)
Hibernate: select registroca0_.id as id1_2_, registroca0_.ID_CARRO as ID_CARRO5_2_, registroca0_.fechaEntrada as fechaEnt2_2_, registroca0_.fechaSalida as fechaSal3_2_, registroca0_.valor as valor4_2_ from RegistroCarro registroca0_ cross join Carro carroentit3_ where registroca0_.ID_CARRO=carroentit3_.id and registroca0_.fechaEntrada=(select max(registroca1_.fechaEntrada) from RegistroCarro registroca1_ cross join Carro carroentit2_ where registroca1_.ID_CARRO=carroentit2_.id and carroentit2_.placa=?) and carroentit3_.placa=?
Vigilante revisa carro
Vigilante dice todo esta bien
ACA!!!
6
Hibernate: call next value for hibernate_sequence
SALIO
Hibernate: insert into Carro (placa, id) values (?, ?)
Hibernate: select carroentit0_.id as id1_0_, carroentit0_.placa as placa2_0_ from Carro carroentit0_ where carroentit0_.placa=?
Hibernate: call next value for hibernate_sequence
Hibernate: insert into RegistroCarro (ID_CARRO, fechaEntrada, fechaSalida, valor, id) values (?, ?, ?, ?, ?)
Hibernate: select registroca0_.id as id1_2_, registroca0_.ID_CARRO as ID_CARRO5_2_, registroca0_.fechaEntrada as fechaEnt2_2_, registroca0_.fechaSalida as fechaSal3_2_, registroca0_.valor as valor4_2_ from RegistroCarro registroca0_ cross join Carro carroentit3_ where registroca0_.ID_CARRO=carroentit3_.id and registroca0_.fechaEntrada=(select max(registroca1_.fechaEntrada) from RegistroCarro registroca1_ cross join Carro carroentit2_ where registroca1_.ID_CARRO=carroentit2_.id and carroentit2_.placa=?) and carroentit3_.placa=?
Vigilante revisa carro
Vigilante dice todo esta bien
ACA!!!
7
Hibernate: call next value for hibernate_sequence
SALIO
Hibernate: insert into Carro (placa, id) values (?, ?)
Hibernate: select carroentit0_.id as id1_0_, carroentit0_.placa as placa2_0_ from Carro carroentit0_ where carroentit0_.placa=?
Hibernate: call next value for hibernate_sequence
Hibernate: insert into RegistroCarro (ID_CARRO, fechaEntrada, fechaSalida, valor, id) values (?, ?, ?, ?, ?)
Hibernate: select registroca0_.id as id1_2_, registroca0_.ID_CARRO as ID_CARRO5_2_, registroca0_.fechaEntrada as fechaEnt2_2_, registroca0_.fechaSalida as fechaSal3_2_, registroca0_.valor as valor4_2_ from RegistroCarro registroca0_ cross join Carro carroentit3_ where registroca0_.ID_CARRO=carroentit3_.id and registroca0_.fechaEntrada=(select max(registroca1_.fechaEntrada) from RegistroCarro registroca1_ cross join Carro carroentit2_ where registroca1_.ID_CARRO=carroentit2_.id and carroentit2_.placa=?) and carroentit3_.placa=?
Vigilante revisa carro
Vigilante dice todo esta bien
ACA!!!
8
Hibernate: call next value for hibernate_sequence
SALIO
Hibernate: insert into Carro (placa, id) values (?, ?)
Hibernate: select carroentit0_.id as id1_0_, carroentit0_.placa as placa2_0_ from Carro carroentit0_ where carroentit0_.placa=?
Hibernate: call next value for hibernate_sequence
Hibernate: insert into RegistroCarro (ID_CARRO, fechaEntrada, fechaSalida, valor, id) values (?, ?, ?, ?, ?)
Hibernate: select registroca0_.id as id1_2_, registroca0_.ID_CARRO as ID_CARRO5_2_, registroca0_.fechaEntrada as fechaEnt2_2_, registroca0_.fechaSalida as fechaSal3_2_, registroca0_.valor as valor4_2_ from RegistroCarro registroca0_ cross join Carro carroentit3_ where registroca0_.ID_CARRO=carroentit3_.id and registroca0_.fechaEntrada=(select max(registroca1_.fechaEntrada) from RegistroCarro registroca1_ cross join Carro carroentit2_ where registroca1_.ID_CARRO=carroentit2_.id and carroentit2_.placa=?) and carroentit3_.placa=?
Vigilante revisa carro
Vigilante dice todo esta bien
ACA!!!
9
Hibernate: call next value for hibernate_sequence
SALIO
Hibernate: insert into Carro (placa, id) values (?, ?)
Hibernate: select carroentit0_.id as id1_0_, carroentit0_.placa as placa2_0_ from Carro carroentit0_ where carroentit0_.placa=?
Hibernate: call next value for hibernate_sequence
Hibernate: insert into RegistroCarro (ID_CARRO, fechaEntrada, fechaSalida, valor, id) values (?, ?, ?, ?, ?)
Hibernate: select registroca0_.id as id1_2_, registroca0_.ID_CARRO as ID_CARRO5_2_, registroca0_.fechaEntrada as fechaEnt2_2_, registroca0_.fechaSalida as fechaSal3_2_, registroca0_.valor as valor4_2_ from RegistroCarro registroca0_ cross join Carro carroentit3_ where registroca0_.ID_CARRO=carroentit3_.id and registroca0_.fechaEntrada=(select max(registroca1_.fechaEntrada) from RegistroCarro registroca1_ cross join Carro carroentit2_ where registroca1_.ID_CARRO=carroentit2_.id and carroentit2_.placa=?) and carroentit3_.placa=?
Vigilante revisa carro
Vigilante dice todo esta bien
ACA!!!
10
Hibernate: call next value for hibernate_sequence
SALIO
Hibernate: insert into Carro (placa, id) values (?, ?)
Hibernate: select carroentit0_.id as id1_0_, carroentit0_.placa as placa2_0_ from Carro carroentit0_ where carroentit0_.placa=?
Hibernate: call next value for hibernate_sequence
Hibernate: insert into RegistroCarro (ID_CARRO, fechaEntrada, fechaSalida, valor, id) values (?, ?, ?, ?, ?)
Hibernate: select registroca0_.id as id1_2_, registroca0_.ID_CARRO as ID_CARRO5_2_, registroca0_.fechaEntrada as fechaEnt2_2_, registroca0_.fechaSalida as fechaSal3_2_, registroca0_.valor as valor4_2_ from RegistroCarro registroca0_ cross join Carro carroentit3_ where registroca0_.ID_CARRO=carroentit3_.id and registroca0_.fechaEntrada=(select max(registroca1_.fechaEntrada) from RegistroCarro registroca1_ cross join Carro carroentit2_ where registroca1_.ID_CARRO=carroentit2_.id and carroentit2_.placa=?) and carroentit3_.placa=?
Vigilante revisa carro
Vigilante dice todo esta bien
ACA!!!
11
Hibernate: call next value for hibernate_sequence
SALIO
Hibernate: insert into Carro (placa, id) values (?, ?)
Hibernate: select carroentit0_.id as id1_0_, carroentit0_.placa as placa2_0_ from Carro carroentit0_ where carroentit0_.placa=?
Hibernate: call next value for hibernate_sequence
Hibernate: insert into RegistroCarro (ID_CARRO, fechaEntrada, fechaSalida, valor, id) values (?, ?, ?, ?, ?)
Hibernate: select registroca0_.id as id1_2_, registroca0_.ID_CARRO as ID_CARRO5_2_, registroca0_.fechaEntrada as fechaEnt2_2_, registroca0_.fechaSalida as fechaSal3_2_, registroca0_.valor as valor4_2_ from RegistroCarro registroca0_ cross join Carro carroentit3_ where registroca0_.ID_CARRO=carroentit3_.id and registroca0_.fechaEntrada=(select max(registroca1_.fechaEntrada) from RegistroCarro registroca1_ cross join Carro carroentit2_ where registroca1_.ID_CARRO=carroentit2_.id and carroentit2_.placa=?) and carroentit3_.placa=?
Vigilante revisa carro
Vigilante dice todo esta bien
ACA!!!
12
Hibernate: call next value for hibernate_sequence
SALIO
Hibernate: insert into Carro (placa, id) values (?, ?)
Hibernate: select carroentit0_.id as id1_0_, carroentit0_.placa as placa2_0_ from Carro carroentit0_ where carroentit0_.placa=?
Hibernate: call next value for hibernate_sequence
Hibernate: insert into RegistroCarro (ID_CARRO, fechaEntrada, fechaSalida, valor, id) values (?, ?, ?, ?, ?)
Hibernate: select registroca0_.id as id1_2_, registroca0_.ID_CARRO as ID_CARRO5_2_, registroca0_.fechaEntrada as fechaEnt2_2_, registroca0_.fechaSalida as fechaSal3_2_, registroca0_.valor as valor4_2_ from RegistroCarro registroca0_ cross join Carro carroentit3_ where registroca0_.ID_CARRO=carroentit3_.id and registroca0_.fechaEntrada=(select max(registroca1_.fechaEntrada) from RegistroCarro registroca1_ cross join Carro carroentit2_ where registroca1_.ID_CARRO=carroentit2_.id and carroentit2_.placa=?) and carroentit3_.placa=?
Vigilante revisa carro
Vigilante dice todo esta bien
ACA!!!
13
Hibernate: call next value for hibernate_sequence
SALIO
Hibernate: insert into Carro (placa, id) values (?, ?)
Hibernate: select carroentit0_.id as id1_0_, carroentit0_.placa as placa2_0_ from Carro carroentit0_ where carroentit0_.placa=?
Hibernate: call next value for hibernate_sequence
Hibernate: insert into RegistroCarro (ID_CARRO, fechaEntrada, fechaSalida, valor, id) values (?, ?, ?, ?, ?)
Hibernate: select registroca0_.id as id1_2_, registroca0_.ID_CARRO as ID_CARRO5_2_, registroca0_.fechaEntrada as fechaEnt2_2_, registroca0_.fechaSalida as fechaSal3_2_, registroca0_.valor as valor4_2_ from RegistroCarro registroca0_ cross join Carro carroentit3_ where registroca0_.ID_CARRO=carroentit3_.id and registroca0_.fechaEntrada=(select max(registroca1_.fechaEntrada) from RegistroCarro registroca1_ cross join Carro carroentit2_ where registroca1_.ID_CARRO=carroentit2_.id and carroentit2_.placa=?) and carroentit3_.placa=?
Vigilante revisa carro
Vigilante dice todo esta bien
ACA!!!
14
Hibernate: call next value for hibernate_sequence
SALIO
Hibernate: insert into Carro (placa, id) values (?, ?)
Hibernate: select carroentit0_.id as id1_0_, carroentit0_.placa as placa2_0_ from Carro carroentit0_ where carroentit0_.placa=?
Hibernate: call next value for hibernate_sequence
Hibernate: insert into RegistroCarro (ID_CARRO, fechaEntrada, fechaSalida, valor, id) values (?, ?, ?, ?, ?)
Hibernate: select registroca0_.id as id1_2_, registroca0_.ID_CARRO as ID_CARRO5_2_, registroca0_.fechaEntrada as fechaEnt2_2_, registroca0_.fechaSalida as fechaSal3_2_, registroca0_.valor as valor4_2_ from RegistroCarro registroca0_ cross join Carro carroentit3_ where registroca0_.ID_CARRO=carroentit3_.id and registroca0_.fechaEntrada=(select max(registroca1_.fechaEntrada) from RegistroCarro registroca1_ cross join Carro carroentit2_ where registroca1_.ID_CARRO=carroentit2_.id and carroentit2_.placa=?) and carroentit3_.placa=?
Vigilante revisa carro
Vigilante dice todo esta bien
ACA!!!
15
Hibernate: call next value for hibernate_sequence
SALIO
Hibernate: insert into Carro (placa, id) values (?, ?)
Hibernate: select carroentit0_.id as id1_0_, carroentit0_.placa as placa2_0_ from Carro carroentit0_ where carroentit0_.placa=?
Hibernate: call next value for hibernate_sequence
Hibernate: insert into RegistroCarro (ID_CARRO, fechaEntrada, fechaSalida, valor, id) values (?, ?, ?, ?, ?)
Hibernate: select registroca0_.id as id1_2_, registroca0_.ID_CARRO as ID_CARRO5_2_, registroca0_.fechaEntrada as fechaEnt2_2_, registroca0_.fechaSalida as fechaSal3_2_, registroca0_.valor as valor4_2_ from RegistroCarro registroca0_ cross join Carro carroentit3_ where registroca0_.ID_CARRO=carroentit3_.id and registroca0_.fechaEntrada=(select max(registroca1_.fechaEntrada) from RegistroCarro registroca1_ cross join Carro carroentit2_ where registroca1_.ID_CARRO=carroentit2_.id and carroentit2_.placa=?) and carroentit3_.placa=?
Vigilante revisa carro
Vigilante dice todo esta bien
ACA!!!
16
Hibernate: call next value for hibernate_sequence
SALIO
Hibernate: insert into Carro (placa, id) values (?, ?)
Hibernate: select carroentit0_.id as id1_0_, carroentit0_.placa as placa2_0_ from Carro carroentit0_ where carroentit0_.placa=?
Hibernate: call next value for hibernate_sequence
Hibernate: insert into RegistroCarro (ID_CARRO, fechaEntrada, fechaSalida, valor, id) values (?, ?, ?, ?, ?)
Hibernate: select registroca0_.id as id1_2_, registroca0_.ID_CARRO as ID_CARRO5_2_, registroca0_.fechaEntrada as fechaEnt2_2_, registroca0_.fechaSalida as fechaSal3_2_, registroca0_.valor as valor4_2_ from RegistroCarro registroca0_ cross join Carro carroentit3_ where registroca0_.ID_CARRO=carroentit3_.id and registroca0_.fechaEntrada=(select max(registroca1_.fechaEntrada) from RegistroCarro registroca1_ cross join Carro carroentit2_ where registroca1_.ID_CARRO=carroentit2_.id and carroentit2_.placa=?) and carroentit3_.placa=?
Vigilante revisa carro
Vigilante dice todo esta bien
ACA!!!
17
Hibernate: call next value for hibernate_sequence
SALIO
Hibernate: insert into Carro (placa, id) values (?, ?)
Hibernate: select carroentit0_.id as id1_0_, carroentit0_.placa as placa2_0_ from Carro carroentit0_ where carroentit0_.placa=?
Hibernate: call next value for hibernate_sequence
Hibernate: insert into RegistroCarro (ID_CARRO, fechaEntrada, fechaSalida, valor, id) values (?, ?, ?, ?, ?)
Hibernate: select registroca0_.id as id1_2_, registroca0_.ID_CARRO as ID_CARRO5_2_, registroca0_.fechaEntrada as fechaEnt2_2_, registroca0_.fechaSalida as fechaSal3_2_, registroca0_.valor as valor4_2_ from RegistroCarro registroca0_ cross join Carro carroentit3_ where registroca0_.ID_CARRO=carroentit3_.id and registroca0_.fechaEntrada=(select max(registroca1_.fechaEntrada) from RegistroCarro registroca1_ cross join Carro carroentit2_ where registroca1_.ID_CARRO=carroentit2_.id and carroentit2_.placa=?) and carroentit3_.placa=?
Vigilante revisa carro
Vigilante dice todo esta bien
ACA!!!
18
Hibernate: call next value for hibernate_sequence
SALIO
Hibernate: insert into Carro (placa, id) values (?, ?)
Hibernate: select carroentit0_.id as id1_0_, carroentit0_.placa as placa2_0_ from Carro carroentit0_ where carroentit0_.placa=?
Hibernate: call next value for hibernate_sequence
Hibernate: insert into RegistroCarro (ID_CARRO, fechaEntrada, fechaSalida, valor, id) values (?, ?, ?, ?, ?)
Hibernate: select registroca0_.id as id1_2_, registroca0_.ID_CARRO as ID_CARRO5_2_, registroca0_.fechaEntrada as fechaEnt2_2_, registroca0_.fechaSalida as fechaSal3_2_, registroca0_.valor as valor4_2_ from RegistroCarro registroca0_ cross join Carro carroentit3_ where registroca0_.ID_CARRO=carroentit3_.id and registroca0_.fechaEntrada=(select max(registroca1_.fechaEntrada) from RegistroCarro registroca1_ cross join Carro carroentit2_ where registroca1_.ID_CARRO=carroentit2_.id and carroentit2_.placa=?) and carroentit3_.placa=?
Vigilante revisa carro
Vigilante dice todo esta bien
ACA!!!
19
Hibernate: call next value for hibernate_sequence
SALIO
Hibernate: insert into Carro (placa, id) values (?, ?)
Hibernate: select carroentit0_.id as id1_0_, carroentit0_.placa as placa2_0_ from Carro carroentit0_ where carroentit0_.placa=?
Hibernate: call next value for hibernate_sequence
Hibernate: insert into RegistroCarro (ID_CARRO, fechaEntrada, fechaSalida, valor, id) values (?, ?, ?, ?, ?)
Hibernate: select registroca0_.id as id1_2_, registroca0_.ID_CARRO as ID_CARRO5_2_, registroca0_.fechaEntrada as fechaEnt2_2_, registroca0_.fechaSalida as fechaSal3_2_, registroca0_.valor as valor4_2_ from RegistroCarro registroca0_ cross join Carro carroentit3_ where registroca0_.ID_CARRO=carroentit3_.id and registroca0_.fechaEntrada=(select max(registroca1_.fechaEntrada) from RegistroCarro registroca1_ cross join Carro carroentit2_ where registroca1_.ID_CARRO=carroentit2_.id and carroentit2_.placa=?) and carroentit3_.placa=?
Vigilante revisa carro
Vigilante dice todo esta bien
ACA!!!
20
Hibernate: call next value for hibernate_sequence
SALIO
Hibernate: insert into Carro (placa, id) values (?, ?)
Hibernate: select carroentit0_.id as id1_0_, carroentit0_.placa as placa2_0_ from Carro carroentit0_ where carroentit0_.placa=?
Hibernate: call next value for hibernate_sequence
Hibernate: insert into RegistroCarro (ID_CARRO, fechaEntrada, fechaSalida, valor, id) values (?, ?, ?, ?, ?)
Hibernate: select registroca0_.id as id1_2_, registroca0_.ID_CARRO as ID_CARRO5_2_, registroca0_.fechaEntrada as fechaEnt2_2_, registroca0_.fechaSalida as fechaSal3_2_, registroca0_.valor as valor4_2_ from RegistroCarro registroca0_ cross join Carro carroentit3_ where registroca0_.ID_CARRO=carroentit3_.id and registroca0_.fechaEntrada=(select max(registroca1_.fechaEntrada) from RegistroCarro registroca1_ cross join Carro carroentit2_ where registroca1_.ID_CARRO=carroentit2_.id and carroentit2_.placa=?) and carroentit3_.placa=?
]]></system-out>
  <system-err><![CDATA[log4j:WARN No appenders could be found for logger (org.jboss.logging).
log4j:WARN Please initialize the log4j system properly.
log4j:WARN See http://logging.apache.org/log4j/1.2/faq.html#noconfig for more info.
]]></system-err>
</testsuite>
