<?xml version="1.0" encoding="UTF-8"?>
<testsuite name="co.ceiba.parqueadero.negocio.unitaria.MotoTest" tests="1" skipped="0" failures="0" errors="0" timestamp="2017-11-30T21:29:15" hostname="CRISTIAN-VICTORIA" time="0.0">
  <properties/>
  <testcase name="crearMotoTest" classname="co.ceiba.parqueadero.negocio.unitaria.MotoTest" time="0.0"/>
  <system-out><![CDATA[]]></system-out>
  <system-err><![CDATA[]]></system-err>
</testsuite>
