<?xml version="1.0" encoding="UTF-8"?>
<testsuite name="co.ceiba.parqueadero.negocio.unitaria.VigilanteTest" tests="6" skipped="0" failures="0" errors="0" timestamp="2017-12-26T19:24:51" hostname="CRISTIAN-VICTORIA" time="0.182">
  <properties/>
  <testcase name="obtenerCarrosTest" classname="co.ceiba.parqueadero.negocio.unitaria.VigilanteTest" time="0.174"/>
  <testcase name="obtenerMotosTest" classname="co.ceiba.parqueadero.negocio.unitaria.VigilanteTest" time="0.001"/>
  <testcase name="cobrarMotoCilindrajeBajoTest" classname="co.ceiba.parqueadero.negocio.unitaria.VigilanteTest" time="0.0"/>
  <testcase name="cobrarCarroTest" classname="co.ceiba.parqueadero.negocio.unitaria.VigilanteTest" time="0.001"/>
  <testcase name="obtenerMotosEnParqueaderoTest" classname="co.ceiba.parqueadero.negocio.unitaria.VigilanteTest" time="0.003"/>
  <testcase name="obtenerCarrosEnParqueaderoTest" classname="co.ceiba.parqueadero.negocio.unitaria.VigilanteTest" time="0.001"/>
  <system-out><![CDATA[]]></system-out>
  <system-err><![CDATA[]]></system-err>
</testsuite>
